03:44:09.284 [DEBUG] [org.gradle.launcher.daemon.bootstrap.DaemonMain] Assuming the daemon was started with following jvm opts: [-XX:+HeapDumpOnOutOfMemoryError, -Xmx1024m, -Dfile.encoding=UTF-8, -Duser.country, -Duser.language=en, -Duser.variant]
03:44:09.530 [INFO] [org.gradle.launcher.daemon.server.Daemon] start() called on daemon - DefaultDaemonContext[uid=01dfbcda-c069-4408-bc60-0531769043d8,javaHome=/opt/jdk1.8.0_172,daemonRegistryDir=/app/cache/daemon,pid=38,idleTimeout=10800000,daemonOpts=-XX:+HeapDumpOnOutOfMemoryError,-Xmx1024m,-Dfile.encoding=UTF-8,-Duser.country,-Duser.language=en,-Duser.variant]
03:44:09.550 [DEBUG] [org.gradle.internal.remote.internal.inet.InetAddresses] Adding IP addresses for network interface eth0
03:44:09.551 [DEBUG] [org.gradle.internal.remote.internal.inet.InetAddresses] Is this a loopback interface? false
03:44:09.551 [DEBUG] [org.gradle.internal.remote.internal.inet.InetAddresses] Is this a multicast interface? true
03:44:09.552 [DEBUG] [org.gradle.internal.remote.internal.inet.InetAddresses] Adding remote address /172.21.0.2
03:44:09.552 [DEBUG] [org.gradle.internal.remote.internal.inet.InetAddresses] Adding remote multicast interface eth0
03:44:09.553 [DEBUG] [org.gradle.internal.remote.internal.inet.InetAddresses] Adding IP addresses for network interface lo
03:44:09.553 [DEBUG] [org.gradle.internal.remote.internal.inet.InetAddresses] Is this a loopback interface? true
03:44:09.553 [DEBUG] [org.gradle.internal.remote.internal.inet.InetAddresses] Is this a multicast interface? false
03:44:09.553 [DEBUG] [org.gradle.internal.remote.internal.inet.InetAddresses] Adding loopback address /127.0.0.1
03:44:09.556 [DEBUG] [org.gradle.internal.remote.internal.inet.TcpIncomingConnector] Listening on [00c34ffa-ff1c-404f-8a7c-3414628e0d5d port:39733, addresses:[/127.0.0.1]].
03:44:09.564 [DEBUG] [org.gradle.launcher.daemon.server.Daemon] Daemon starting at: Sat May 12 03:44:09 GMT 2018, with address: [00c34ffa-ff1c-404f-8a7c-3414628e0d5d port:39733, addresses:[/127.0.0.1]]
03:44:09.565 [INFO] [org.gradle.launcher.daemon.server.DaemonRegistryUpdater] Advertising the daemon address to the clients: [00c34ffa-ff1c-404f-8a7c-3414628e0d5d port:39733, addresses:[/127.0.0.1]]
03:44:09.566 [DEBUG] [org.gradle.launcher.daemon.server.DaemonRegistryUpdater] Advertised daemon context: DefaultDaemonContext[uid=01dfbcda-c069-4408-bc60-0531769043d8,javaHome=/opt/jdk1.8.0_172,daemonRegistryDir=/app/cache/daemon,pid=38,idleTimeout=10800000,daemonOpts=-XX:+HeapDumpOnOutOfMemoryError,-Xmx1024m,-Dfile.encoding=UTF-8,-Duser.country,-Duser.language=en,-Duser.variant]
03:44:09.567 [DEBUG] [org.gradle.launcher.daemon.registry.PersistentDaemonRegistry] Storing daemon address: [00c34ffa-ff1c-404f-8a7c-3414628e0d5d port:39733, addresses:[/127.0.0.1]], context: DefaultDaemonContext[uid=01dfbcda-c069-4408-bc60-0531769043d8,javaHome=/opt/jdk1.8.0_172,daemonRegistryDir=/app/cache/daemon,pid=38,idleTimeout=10800000,daemonOpts=-XX:+HeapDumpOnOutOfMemoryError,-Xmx1024m,-Dfile.encoding=UTF-8,-Duser.country,-Duser.language=en,-Duser.variant]
03:44:09.581 [DEBUG] [org.gradle.cache.internal.DefaultFileLockManager] Waiting to acquire exclusive lock on daemon addresses registry.
03:44:09.586 [DEBUG] [org.gradle.cache.internal.DefaultFileLockManager] Lock acquired on daemon addresses registry.
03:44:09.613 [DEBUG] [org.gradle.cache.internal.DefaultFileLockManager] Releasing lock on daemon addresses registry.
03:44:09.614 [LIFECYCLE] [org.gradle.launcher.daemon.server.Daemon] Daemon server started.
03:44:09.617 [DEBUG] [org.gradle.launcher.daemon.bootstrap.DaemonStartupCommunication] Completed writing the daemon greeting. Closing streams...
03:44:09.628 [DEBUG] [org.gradle.launcher.daemon.server.Daemon] stopOnExpiration() called on daemon
03:44:09.630 [DEBUG] [org.gradle.launcher.daemon.server.Daemon] awaitExpiration() called on daemon
03:44:09.630 [DEBUG] [org.gradle.launcher.daemon.server.DaemonStateCoordinator] daemon is running. Sleeping until state changes.
03:44:09.634 [DEBUG] [org.gradle.internal.remote.internal.inet.TcpIncomingConnector] Accepted connection from /127.0.0.1:55952 to /127.0.0.1:39733.
03:44:09.760 [DEBUG] [org.gradle.launcher.daemon.server.SynchronizedDispatchConnection] thread 16: received class org.gradle.launcher.daemon.protocol.Build
03:44:09.760 [DEBUG] [org.gradle.launcher.daemon.server.DefaultDaemonConnection] thread 16: Received non-IO message from client: Build{id=fac9bf4e-db07-4608-a040-0e8fea6f01fc.1, currentDir=/app}
03:44:09.761 [INFO] [org.gradle.launcher.daemon.server.DefaultIncomingConnectionHandler] Received command: Build{id=fac9bf4e-db07-4608-a040-0e8fea6f01fc.1, currentDir=/app}.
03:44:09.761 [DEBUG] [org.gradle.launcher.daemon.server.DefaultIncomingConnectionHandler] Starting executing command: Build{id=fac9bf4e-db07-4608-a040-0e8fea6f01fc.1, currentDir=/app} with connection: socket connection from /127.0.0.1:39733 to /127.0.0.1:55952.
03:44:09.765 [ERROR] [org.gradle.launcher.daemon.server.DaemonStateCoordinator] Command execution: started DaemonCommandExecution[command = Build{id=fac9bf4e-db07-4608-a040-0e8fea6f01fc.1, currentDir=/app}, connection = DefaultDaemonConnection: socket connection from /127.0.0.1:39733 to /127.0.0.1:55952] after 0.0 minutes of idle
03:44:09.766 [INFO] [org.gradle.launcher.daemon.server.DaemonRegistryUpdater] Marking the daemon as busy, address: [00c34ffa-ff1c-404f-8a7c-3414628e0d5d port:39733, addresses:[/127.0.0.1]]
03:44:09.767 [DEBUG] [org.gradle.launcher.daemon.registry.PersistentDaemonRegistry] Marking busy by address: [00c34ffa-ff1c-404f-8a7c-3414628e0d5d port:39733, addresses:[/127.0.0.1]]
03:44:09.768 [DEBUG] [org.gradle.cache.internal.DefaultFileLockManager] Waiting to acquire exclusive lock on daemon addresses registry.
03:44:09.769 [DEBUG] [org.gradle.cache.internal.DefaultFileLockManager] Lock acquired on daemon addresses registry.
03:44:09.772 [DEBUG] [org.gradle.cache.internal.DefaultFileLockManager] Releasing lock on daemon addresses registry.
03:44:09.773 [DEBUG] [org.gradle.launcher.daemon.server.DaemonStateCoordinator] resetting idle timer
03:44:09.774 [DEBUG] [org.gradle.launcher.daemon.server.DaemonStateCoordinator] daemon is running. Sleeping until state changes.
03:44:09.775 [INFO] [org.gradle.launcher.daemon.server.exec.StartBuildOrRespondWithBusy] Daemon is about to start building Build{id=fac9bf4e-db07-4608-a040-0e8fea6f01fc.1, currentDir=/app}. Dispatching build started information...
03:44:09.775 [DEBUG] [org.gradle.launcher.daemon.server.SynchronizedDispatchConnection] thread 18: dispatching class org.gradle.launcher.daemon.protocol.BuildStarted
03:44:09.787 [DEBUG] [org.gradle.launcher.daemon.server.exec.EstablishBuildEnvironment] Configuring env variables: {PATH=/usr/local/sbin:/usr/local/bin:/usr/sbin:/usr/bin:/sbin:/bin:/opt/jdk/bin, JAVA_JCE=unlimited, SPRING_PROFILES_ACTIVE=dev, JAVA_HOME=/opt/jdk, OLDPWD=/app, GLIBC_VERSION=2.27-r0, LANG=C.UTF-8, JAVA_VERSION_MAJOR=8, GRADLE_USER_HOME=cache, HOSTNAME=cff1d242f25f, GLIBC_REPO=https://github.com/sgerrand/alpine-pkg-glibc, JAVA_VERSION_MINOR=172, PWD=/app, JAVA_PACKAGE=jdk, JAVA_VERSION_BUILD=11, HOME=/root, SHLVL=1}
03:44:09.798 [DEBUG] [org.gradle.launcher.daemon.server.SynchronizedDispatchConnection] thread 16: received class org.gradle.launcher.daemon.protocol.CloseInput
03:44:09.798 [DEBUG] [org.gradle.launcher.daemon.server.DefaultDaemonConnection] thread 16: Received IO message from client: org.gradle.launcher.daemon.protocol.CloseInput@29225d22
03:44:09.800 [DEBUG] [org.gradle.launcher.daemon.server.exec.LogToClient] About to start relaying all logs to the client via the connection.
03:44:09.801 [INFO] [org.gradle.launcher.daemon.server.exec.LogToClient] The client will now receive all logging from the daemon (pid: 38). The daemon log file: /app/cache/daemon/4.5.1/daemon-38.out.log
03:44:09.803 [INFO] [org.gradle.launcher.daemon.server.exec.LogAndCheckHealth] Starting build in new daemon [memory: 954.7 MB]
03:44:09.804 [INFO] [org.gradle.launcher.daemon.server.exec.ForwardClientInput] Closing daemon's stdin at end of input.
03:44:09.805 [INFO] [org.gradle.launcher.daemon.server.exec.ForwardClientInput] The daemon will no longer process any standard input.
03:44:09.809 [DEBUG] [org.gradle.launcher.daemon.server.exec.ExecuteBuild] The daemon has started executing the build.
03:44:09.810 [DEBUG] [org.gradle.launcher.daemon.server.exec.ExecuteBuild] Executing build with daemon context: DefaultDaemonContext[uid=01dfbcda-c069-4408-bc60-0531769043d8,javaHome=/opt/jdk1.8.0_172,daemonRegistryDir=/app/cache/daemon,pid=38,idleTimeout=10800000,daemonOpts=-XX:+HeapDumpOnOutOfMemoryError,-Xmx1024m,-Dfile.encoding=UTF-8,-Duser.country,-Duser.language=en,-Duser.variant]
:compileJava
:processResources UP-TO-DATE
:classes
:bootRun
2018-05-12 03:44:33.838  INFO 96 --- [           main] s.c.a.AnnotationConfigApplicationContext : Refreshing org.springframework.context.annotation.AnnotationConfigApplicationContext@41fbdac4: startup date [Sat May 12 03:44:33 GMT 2018]; root of context hierarchy
2018-05-12 03:44:35.008  INFO 96 --- [           main] f.a.AutowiredAnnotationBeanPostProcessor : JSR-330 'javax.inject.Inject' annotation found and supported for autowiring
2018-05-12 03:44:35.248  INFO 96 --- [           main] trationDelegate$BeanPostProcessorChecker : Bean 'configurationPropertiesRebinderAutoConfiguration' of type [org.springframework.cloud.autoconfigure.ConfigurationPropertiesRebinderAutoConfiguration$$EnhancerBySpringCGLIB$$3fdd8981] is not eligible for getting processed by all BeanPostProcessors (for example: not eligible for auto-proxying)

  .   ____          _            __ _ _
 /\\ / ___'_ __ _ _(_)_ __  __ _ \ \ \ \
( ( )\___ | '_ | '_| | '_ \/ _` | \ \ \ \
 \\/  ___)| |_)| | | | | || (_| |  ) ) ) )
  '  |____| .__|_| |_|_| |_\__, | / / / /
 =========|_|==============|___/=/_/_/_/
 :: Spring Boot ::        (v1.5.8.RELEASE)

2018-05-12 03:44:36.871  INFO 96 --- [           main] c.e.e.EurekaServerApplication            : The following profiles are active: dev
2018-05-12 03:44:36.931  INFO 96 --- [           main] ationConfigEmbeddedWebApplicationContext : Refreshing org.springframework.boot.context.embedded.AnnotationConfigEmbeddedWebApplicationContext@ee86bcb: startup date [Sat May 12 03:44:36 GMT 2018]; parent: org.springframework.context.annotation.AnnotationConfigApplicationContext@41fbdac4
2018-05-12 03:44:40.638  INFO 96 --- [           main] o.s.cloud.context.scope.GenericScope     : BeanFactory id=3b95f871-394e-35b7-b783-d7f350294431
2018-05-12 03:44:40.679  INFO 96 --- [           main] f.a.AutowiredAnnotationBeanPostProcessor : JSR-330 'javax.inject.Inject' annotation found and supported for autowiring
2018-05-12 03:44:40.950  INFO 96 --- [           main] trationDelegate$BeanPostProcessorChecker : Bean 'org.springframework.cloud.netflix.metrics.MetricsInterceptorConfiguration$MetricsRestTemplateConfiguration' of type [org.springframework.cloud.netflix.metrics.MetricsInterceptorConfiguration$MetricsRestTemplateConfiguration$$EnhancerBySpringCGLIB$$55f02cc5] is not eligible for getting processed by all BeanPostProcessors (for example: not eligible for auto-proxying)
2018-05-12 03:44:41.001  INFO 96 --- [           main] trationDelegate$BeanPostProcessorChecker : Bean 'org.springframework.cloud.autoconfigure.ConfigurationPropertiesRebinderAutoConfiguration' of type [org.springframework.cloud.autoconfigure.ConfigurationPropertiesRebinderAutoConfiguration$$EnhancerBySpringCGLIB$$3fdd8981] is not eligible for getting processed by all BeanPostProcessors (for example: not eligible for auto-proxying)
2018-05-12 03:44:42.278  INFO 96 --- [           main] s.b.c.e.t.TomcatEmbeddedServletContainer : Tomcat initialized with port(s): 8761 (http)
2018-05-12 03:44:42.351  INFO 96 --- [           main] o.apache.catalina.core.StandardService   : Starting service [Tomcat]
2018-05-12 03:44:42.367  INFO 96 --- [           main] org.apache.catalina.core.StandardEngine  : Starting Servlet Engine: Apache Tomcat/8.5.23
2018-05-12 03:44:42.971  INFO 96 --- [ost-startStop-1] o.a.c.c.C.[Tomcat].[localhost].[/]       : Initializing Spring embedded WebApplicationContext
2018-05-12 03:44:42.971  INFO 96 --- [ost-startStop-1] o.s.web.context.ContextLoader            : Root WebApplicationContext: initialization completed in 6040 ms
2018-05-12 03:44:45.290  INFO 96 --- [ost-startStop-1] o.s.b.w.servlet.FilterRegistrationBean   : Mapping filter: 'metricsFilter' to: [/*]
2018-05-12 03:44:45.291  INFO 96 --- [ost-startStop-1] o.s.b.w.servlet.FilterRegistrationBean   : Mapping filter: 'characterEncodingFilter' to: [/*]
2018-05-12 03:44:45.293  INFO 96 --- [ost-startStop-1] o.s.b.w.servlet.FilterRegistrationBean   : Mapping filter: 'hiddenHttpMethodFilter' to: [/*]
2018-05-12 03:44:45.294  INFO 96 --- [ost-startStop-1] o.s.b.w.servlet.FilterRegistrationBean   : Mapping filter: 'httpPutFormContentFilter' to: [/*]
2018-05-12 03:44:45.296  INFO 96 --- [ost-startStop-1] o.s.b.w.servlet.FilterRegistrationBean   : Mapping filter: 'requestContextFilter' to: [/*]
2018-05-12 03:44:45.304  INFO 96 --- [ost-startStop-1] o.s.b.w.servlet.FilterRegistrationBean   : Mapping filter: 'webRequestTraceFilter' to: [/*]
2018-05-12 03:44:45.307  INFO 96 --- [ost-startStop-1] o.s.b.w.servlet.FilterRegistrationBean   : Mapping filter: 'servletContainer' to urls: [/eureka/*]
2018-05-12 03:44:45.308  INFO 96 --- [ost-startStop-1] o.s.b.w.servlet.FilterRegistrationBean   : Mapping filter: 'applicationContextIdFilter' to: [/*]
2018-05-12 03:44:45.311  INFO 96 --- [ost-startStop-1] o.s.b.w.servlet.ServletRegistrationBean  : Mapping servlet: 'dispatcherServlet' to [/]
2018-05-12 03:44:45.677  INFO 96 --- [ost-startStop-1] c.s.j.s.i.a.WebApplicationImpl           : Initiating Jersey application, version 'Jersey: 1.19.1 03/11/2016 02:08 PM'
2018-05-12 03:44:45.945  INFO 96 --- [ost-startStop-1] c.n.d.provider.DiscoveryJerseyProvider   : Using JSON encoding codec LegacyJacksonJson
2018-05-12 03:44:45.955  INFO 96 --- [ost-startStop-1] c.n.d.provider.DiscoveryJerseyProvider   : Using JSON decoding codec LegacyJacksonJson
2018-05-12 03:44:46.227  INFO 96 --- [ost-startStop-1] c.n.d.provider.DiscoveryJerseyProvider   : Using XML encoding codec XStreamXml
2018-05-12 03:44:46.246  INFO 96 --- [ost-startStop-1] c.n.d.provider.DiscoveryJerseyProvider   : Using XML decoding codec XStreamXml
2018-05-12 03:44:48.284  WARN 96 --- [           main] o.s.c.n.a.ArchaiusAutoConfiguration      : No spring.application.name found, defaulting to 'application'
2018-05-12 03:44:48.300  WARN 96 --- [           main] c.n.c.sources.URLConfigurationSource     : No URLs will be polled as dynamic configuration sources.
2018-05-12 03:44:48.300  INFO 96 --- [           main] c.n.c.sources.URLConfigurationSource     : To enable URLs as dynamic configuration sources, define System property archaius.configurationSource.additionalUrls or make config.properties available on classpath.
2018-05-12 03:44:48.317  WARN 96 --- [           main] c.n.c.sources.URLConfigurationSource     : No URLs will be polled as dynamic configuration sources.
2018-05-12 03:44:48.319  INFO 96 --- [           main] c.n.c.sources.URLConfigurationSource     : To enable URLs as dynamic configuration sources, define System property archaius.configurationSource.additionalUrls or make config.properties available on classpath.
2018-05-12 03:44:49.365  INFO 96 --- [           main] s.w.s.m.m.a.RequestMappingHandlerAdapter : Looking for @ControllerAdvice: org.springframework.boot.context.embedded.AnnotationConfigEmbeddedWebApplicationContext@ee86bcb: startup date [Sat May 12 03:44:36 GMT 2018]; parent: org.springframework.context.annotation.AnnotationConfigApplicationContext@41fbdac4
2018-05-12 03:44:49.728  INFO 96 --- [           main] s.w.s.m.m.a.RequestMappingHandlerMapping : Mapped "{[/error],produces=[text/html]}" onto public org.springframework.web.servlet.ModelAndView org.springframework.boot.autoconfigure.web.BasicErrorController.errorHtml(javax.servlet.http.HttpServletRequest,javax.servlet.http.HttpServletResponse)
2018-05-12 03:44:49.741  INFO 96 --- [           main] s.w.s.m.m.a.RequestMappingHandlerMapping : Mapped "{[/error]}" onto public org.springframework.http.ResponseEntity<java.util.Map<java.lang.String, java.lang.Object>> org.springframework.boot.autoconfigure.web.BasicErrorController.error(javax.servlet.http.HttpServletRequest)
2018-05-12 03:44:49.754  INFO 96 --- [           main] s.w.s.m.m.a.RequestMappingHandlerMapping : Mapped "{[/lastn],methods=[GET]}" onto public java.lang.String org.springframework.cloud.netflix.eureka.server.EurekaController.lastn(javax.servlet.http.HttpServletRequest,java.util.Map<java.lang.String, java.lang.Object>)
2018-05-12 03:44:49.756  INFO 96 --- [           main] s.w.s.m.m.a.RequestMappingHandlerMapping : Mapped "{[/],methods=[GET]}" onto public java.lang.String org.springframework.cloud.netflix.eureka.server.EurekaController.status(javax.servlet.http.HttpServletRequest,java.util.Map<java.lang.String, java.lang.Object>)
2018-05-12 03:44:49.872  INFO 96 --- [           main] o.s.w.s.handler.SimpleUrlHandlerMapping  : Mapped URL path [/webjars/**] onto handler of type [class org.springframework.web.servlet.resource.ResourceHttpRequestHandler]
2018-05-12 03:44:49.873  INFO 96 --- [           main] o.s.w.s.handler.SimpleUrlHandlerMapping  : Mapped URL path [/**] onto handler of type [class org.springframework.web.servlet.resource.ResourceHttpRequestHandler]
2018-05-12 03:44:50.140  INFO 96 --- [           main] o.s.w.s.handler.SimpleUrlHandlerMapping  : Mapped URL path [/**/favicon.ico] onto handler of type [class org.springframework.web.servlet.resource.ResourceHttpRequestHandler]
2018-05-12 03:44:53.120  INFO 96 --- [           main] o.s.b.a.e.mvc.EndpointHandlerMapping     : Mapped "{[/env/{name:.*}],methods=[GET],produces=[application/vnd.spring-boot.actuator.v1+json || application/json]}" onto public java.lang.Object org.springframework.boot.actuate.endpoint.mvc.EnvironmentMvcEndpoint.value(java.lang.String)
2018-05-12 03:44:53.124  INFO 96 --- [           main] o.s.b.a.e.mvc.EndpointHandlerMapping     : Mapped "{[/env || /env.json],methods=[GET],produces=[application/vnd.spring-boot.actuator.v1+json || application/json]}" onto public java.lang.Object org.springframework.boot.actuate.endpoint.mvc.EndpointMvcAdapter.invoke()
2018-05-12 03:44:53.128  INFO 96 --- [           main] o.s.b.a.e.mvc.EndpointHandlerMapping     : Mapped "{[/heapdump || /heapdump.json],methods=[GET],produces=[application/octet-stream]}" onto public void org.springframework.boot.actuate.endpoint.mvc.HeapdumpMvcEndpoint.invoke(boolean,javax.servlet.http.HttpServletRequest,javax.servlet.http.HttpServletResponse) throws java.io.IOException,javax.servlet.ServletException
2018-05-12 03:44:53.137  INFO 96 --- [           main] o.s.b.a.e.mvc.EndpointHandlerMapping     : Mapped "{[/autoconfig || /autoconfig.json],methods=[GET],produces=[application/vnd.spring-boot.actuator.v1+json || application/json]}" onto public java.lang.Object org.springframework.boot.actuate.endpoint.mvc.EndpointMvcAdapter.invoke()
2018-05-12 03:44:53.142  INFO 96 --- [           main] o.s.b.a.e.mvc.EndpointHandlerMapping     : Mapped "{[/beans || /beans.json],methods=[GET],produces=[application/vnd.spring-boot.actuator.v1+json || application/json]}" onto public java.lang.Object org.springframework.boot.actuate.endpoint.mvc.EndpointMvcAdapter.invoke()
2018-05-12 03:44:53.156  INFO 96 --- [           main] o.s.b.a.e.mvc.EndpointHandlerMapping     : Mapped "{[/dump || /dump.json],methods=[GET],produces=[application/vnd.spring-boot.actuator.v1+json || application/json]}" onto public java.lang.Object org.springframework.boot.actuate.endpoint.mvc.EndpointMvcAdapter.invoke()
2018-05-12 03:44:53.188  INFO 96 --- [           main] o.s.b.a.e.mvc.EndpointHandlerMapping     : Mapped "{[/loggers/{name:.*}],methods=[GET],produces=[application/vnd.spring-boot.actuator.v1+json || application/json]}" onto public java.lang.Object org.springframework.boot.actuate.endpoint.mvc.LoggersMvcEndpoint.get(java.lang.String)
2018-05-12 03:44:53.190  INFO 96 --- [           main] o.s.b.a.e.mvc.EndpointHandlerMapping     : Mapped "{[/loggers/{name:.*}],methods=[POST],consumes=[application/vnd.spring-boot.actuator.v1+json || application/json],produces=[application/vnd.spring-boot.actuator.v1+json || application/json]}" onto public java.lang.Object org.springframework.boot.actuate.endpoint.mvc.LoggersMvcEndpoint.set(java.lang.String,java.util.Map<java.lang.String, java.lang.String>)
2018-05-12 03:44:53.194  INFO 96 --- [           main] o.s.b.a.e.mvc.EndpointHandlerMapping     : Mapped "{[/loggers || /loggers.json],methods=[GET],produces=[application/vnd.spring-boot.actuator.v1+json || application/json]}" onto public java.lang.Object org.springframework.boot.actuate.endpoint.mvc.EndpointMvcAdapter.invoke()
2018-05-12 03:44:53.199  INFO 96 --- [           main] o.s.b.a.e.mvc.EndpointHandlerMapping     : Mapped "{[/refresh || /refresh.json],methods=[POST]}" onto public java.lang.Object org.springframework.cloud.endpoint.GenericPostableMvcEndpoint.invoke()
2018-05-12 03:44:53.210  INFO 96 --- [           main] o.s.b.a.e.mvc.EndpointHandlerMapping     : Mapped "{[/info || /info.json],methods=[GET],produces=[application/vnd.spring-boot.actuator.v1+json || application/json]}" onto public java.lang.Object org.springframework.boot.actuate.endpoint.mvc.EndpointMvcAdapter.invoke()
2018-05-12 03:44:53.213  INFO 96 --- [           main] o.s.b.a.e.mvc.EndpointHandlerMapping     : Mapped "{[/configprops || /configprops.json],methods=[GET],produces=[application/vnd.spring-boot.actuator.v1+json || application/json]}" onto public java.lang.Object org.springframework.boot.actuate.endpoint.mvc.EndpointMvcAdapter.invoke()
2018-05-12 03:44:53.215  INFO 96 --- [           main] o.s.b.a.e.mvc.EndpointHandlerMapping     : Mapped "{[/service-registry/instance-status],methods=[GET]}" onto public org.springframework.http.ResponseEntity org.springframework.cloud.client.serviceregistry.endpoint.ServiceRegistryEndpoint.getStatus()
2018-05-12 03:44:53.217  INFO 96 --- [           main] o.s.b.a.e.mvc.EndpointHandlerMapping     : Mapped "{[/service-registry/instance-status],methods=[POST]}" onto public org.springframework.http.ResponseEntity<?> org.springframework.cloud.client.serviceregistry.endpoint.ServiceRegistryEndpoint.setStatus(java.lang.String)
2018-05-12 03:44:53.237  INFO 96 --- [           main] o.s.b.a.e.mvc.EndpointHandlerMapping     : Mapped "{[/features || /features.json],methods=[GET],produces=[application/vnd.spring-boot.actuator.v1+json || application/json]}" onto public java.lang.Object org.springframework.boot.actuate.endpoint.mvc.EndpointMvcAdapter.invoke()
2018-05-12 03:44:53.256  INFO 96 --- [           main] o.s.b.a.e.mvc.EndpointHandlerMapping     : Mapped "{[/mappings || /mappings.json],methods=[GET],produces=[application/vnd.spring-boot.actuator.v1+json || application/json]}" onto public java.lang.Object org.springframework.boot.actuate.endpoint.mvc.EndpointMvcAdapter.invoke()
2018-05-12 03:44:53.257  INFO 96 --- [           main] o.s.b.a.e.mvc.EndpointHandlerMapping     : Mapped "{[/health || /health.json],methods=[GET],produces=[application/vnd.spring-boot.actuator.v1+json || application/json]}" onto public java.lang.Object org.springframework.boot.actuate.endpoint.mvc.HealthMvcEndpoint.invoke(javax.servlet.http.HttpServletRequest,java.security.Principal)
2018-05-12 03:44:53.276  INFO 96 --- [           main] o.s.b.a.e.mvc.EndpointHandlerMapping     : Mapped "{[/archaius || /archaius.json],methods=[GET],produces=[application/vnd.spring-boot.actuator.v1+json || application/json]}" onto public java.lang.Object org.springframework.boot.actuate.endpoint.mvc.EndpointMvcAdapter.invoke()
2018-05-12 03:44:53.284  INFO 96 --- [           main] o.s.b.a.e.mvc.EndpointHandlerMapping     : Mapped "{[/env],methods=[POST]}" onto public java.lang.Object org.springframework.cloud.context.environment.EnvironmentManagerMvcEndpoint.value(java.util.Map<java.lang.String, java.lang.String>)
2018-05-12 03:44:53.284  INFO 96 --- [           main] o.s.b.a.e.mvc.EndpointHandlerMapping     : Mapped "{[/env/reset],methods=[POST]}" onto public java.util.Map<java.lang.String, java.lang.Object> org.springframework.cloud.context.environment.EnvironmentManagerMvcEndpoint.reset()
2018-05-12 03:44:53.302  INFO 96 --- [           main] o.s.b.a.e.mvc.EndpointHandlerMapping     : Mapped "{[/trace || /trace.json],methods=[GET],produces=[application/vnd.spring-boot.actuator.v1+json || application/json]}" onto public java.lang.Object org.springframework.boot.actuate.endpoint.mvc.EndpointMvcAdapter.invoke()
2018-05-12 03:44:53.303  INFO 96 --- [           main] o.s.b.a.e.mvc.EndpointHandlerMapping     : Mapped "{[/metrics/{name:.*}],methods=[GET],produces=[application/vnd.spring-boot.actuator.v1+json || application/json]}" onto public java.lang.Object org.springframework.boot.actuate.endpoint.mvc.MetricsMvcEndpoint.value(java.lang.String)
2018-05-12 03:44:53.308  INFO 96 --- [           main] o.s.b.a.e.mvc.EndpointHandlerMapping     : Mapped "{[/metrics || /metrics.json],methods=[GET],produces=[application/vnd.spring-boot.actuator.v1+json || application/json]}" onto public java.lang.Object org.springframework.boot.actuate.endpoint.mvc.EndpointMvcAdapter.invoke()
2018-05-12 03:44:53.311  INFO 96 --- [           main] o.s.b.a.e.mvc.EndpointHandlerMapping     : Mapped "{[/auditevents || /auditevents.json],methods=[GET],produces=[application/vnd.spring-boot.actuator.v1+json || application/json]}" onto public org.springframework.http.ResponseEntity<?> org.springframework.boot.actuate.endpoint.mvc.AuditEventsMvcEndpoint.findByPrincipalAndAfterAndType(java.lang.String,java.util.Date,java.lang.String)
2018-05-12 03:44:53.927  INFO 96 --- [           main] o.s.ui.freemarker.SpringTemplateLoader   : SpringTemplateLoader for FreeMarker: using resource loader [org.springframework.boot.context.embedded.AnnotationConfigEmbeddedWebApplicationContext@ee86bcb: startup date [Sat May 12 03:44:36 GMT 2018]; parent: org.springframework.context.annotation.AnnotationConfigApplicationContext@41fbdac4] and template loader path [classpath:/templates/]
2018-05-12 03:44:53.930  INFO 96 --- [           main] o.s.w.s.v.f.FreeMarkerConfigurer         : ClassTemplateLoader for Spring macros added to FreeMarker configuration
2018-05-12 03:44:54.695  INFO 96 --- [           main] o.s.c.n.eureka.InstanceInfoFactory       : Setting initial instance status as: STARTING
2018-05-12 03:44:54.784  INFO 96 --- [           main] com.netflix.discovery.DiscoveryClient    : Initializing Eureka in region us-east-1
2018-05-12 03:44:54.785  INFO 96 --- [           main] com.netflix.discovery.DiscoveryClient    : Client configured to neither register nor query for data.
2018-05-12 03:44:54.829  INFO 96 --- [           main] com.netflix.discovery.DiscoveryClient    : Discovery Client initialized at timestamp 1526096694829 with initial instances count: 0
2018-05-12 03:44:55.146  INFO 96 --- [           main] c.n.eureka.DefaultEurekaServerContext    : Initializing ...
2018-05-12 03:44:55.152  INFO 96 --- [           main] c.n.eureka.cluster.PeerEurekaNodes       : Adding new peer nodes [http://localhost:8761/eureka/]
2018-05-12 03:44:56.338  INFO 96 --- [           main] c.n.d.provider.DiscoveryJerseyProvider   : Using JSON encoding codec LegacyJacksonJson
2018-05-12 03:44:56.338  INFO 96 --- [           main] c.n.d.provider.DiscoveryJerseyProvider   : Using JSON decoding codec LegacyJacksonJson
2018-05-12 03:44:56.339  INFO 96 --- [           main] c.n.d.provider.DiscoveryJerseyProvider   : Using XML encoding codec XStreamXml
2018-05-12 03:44:56.339  INFO 96 --- [           main] c.n.d.provider.DiscoveryJerseyProvider   : Using XML decoding codec XStreamXml
2018-05-12 03:44:57.151  INFO 96 --- [           main] c.n.eureka.cluster.PeerEurekaNodes       : Replica node URL:  http://localhost:8761/eureka/
2018-05-12 03:44:57.221  INFO 96 --- [           main] c.n.e.registry.AbstractInstanceRegistry  : Finished initializing remote region registries. All known remote regions: []
2018-05-12 03:44:57.224  INFO 96 --- [           main] c.n.eureka.DefaultEurekaServerContext    : Initialized
2018-05-12 03:44:57.304  WARN 96 --- [           main] arterDeprecationWarningAutoConfiguration : spring-cloud-starter-eureka-server is deprecated as of Spring Cloud Netflix 1.4.0, please migrate to spring-cloud-starter-netflix-eureka-server
2018-05-12 03:44:57.571  INFO 96 --- [           main] o.s.j.e.a.AnnotationMBeanExporter        : Registering beans for JMX exposure on startup
2018-05-12 03:44:57.618  INFO 96 --- [           main] o.s.j.e.a.AnnotationMBeanExporter        : Bean with name 'environmentManager' has been autodetected for JMX exposure
2018-05-12 03:44:57.644  INFO 96 --- [           main] o.s.j.e.a.AnnotationMBeanExporter        : Bean with name 'configurationPropertiesRebinder' has been autodetected for JMX exposure
2018-05-12 03:44:57.658  INFO 96 --- [           main] o.s.j.e.a.AnnotationMBeanExporter        : Bean with name 'refreshEndpoint' has been autodetected for JMX exposure
2018-05-12 03:44:57.662  INFO 96 --- [           main] o.s.j.e.a.AnnotationMBeanExporter        : Bean with name 'serviceRegistryEndpoint' has been autodetected for JMX exposure
2018-05-12 03:44:57.671  INFO 96 --- [           main] o.s.j.e.a.AnnotationMBeanExporter        : Bean with name 'refreshScope' has been autodetected for JMX exposure
2018-05-12 03:44:57.684  INFO 96 --- [           main] o.s.j.e.a.AnnotationMBeanExporter        : Located managed bean 'environmentManager': registering with JMX server as MBean [org.springframework.cloud.context.environment:name=environmentManager,type=EnvironmentManager]
2018-05-12 03:44:57.739  INFO 96 --- [           main] o.s.j.e.a.AnnotationMBeanExporter        : Located managed bean 'serviceRegistryEndpoint': registering with JMX server as MBean [org.springframework.cloud.client.serviceregistry.endpoint:name=serviceRegistryEndpoint,type=ServiceRegistryEndpoint]
2018-05-12 03:44:57.778  INFO 96 --- [           main] o.s.j.e.a.AnnotationMBeanExporter        : Located managed bean 'refreshScope': registering with JMX server as MBean [org.springframework.cloud.context.scope.refresh:name=refreshScope,type=RefreshScope]
2018-05-12 03:44:57.833  INFO 96 --- [           main] o.s.j.e.a.AnnotationMBeanExporter        : Located managed bean 'configurationPropertiesRebinder': registering with JMX server as MBean [org.springframework.cloud.context.properties:name=configurationPropertiesRebinder,context=ee86bcb,type=ConfigurationPropertiesRebinder]
2018-05-12 03:44:57.867  INFO 96 --- [           main] o.s.j.e.a.AnnotationMBeanExporter        : Located managed bean 'refreshEndpoint': registering with JMX server as MBean [org.springframework.cloud.endpoint:name=refreshEndpoint,type=RefreshEndpoint]
2018-05-12 03:44:58.672  INFO 96 --- [           main] o.s.c.support.DefaultLifecycleProcessor  : Starting beans in phase 0
2018-05-12 03:44:58.673  INFO 96 --- [           main] o.s.c.n.e.s.EurekaServiceRegistry        : Registering application unknown with eureka with status UP
2018-05-12 03:44:58.979  INFO 96 --- [      Thread-11] o.s.c.n.e.server.EurekaServerBootstrap   : Setting the eureka configuration..
2018-05-12 03:44:58.980  INFO 96 --- [      Thread-11] o.s.c.n.e.server.EurekaServerBootstrap   : Eureka data center value eureka.datacenter is not set, defaulting to default
2018-05-12 03:44:58.980  INFO 96 --- [      Thread-11] o.s.c.n.e.server.EurekaServerBootstrap   : Eureka environment value eureka.environment is not set, defaulting to test
2018-05-12 03:44:59.070  INFO 96 --- [      Thread-11] o.s.c.n.e.server.EurekaServerBootstrap   : isAws returned false
2018-05-12 03:44:59.071  INFO 96 --- [      Thread-11] o.s.c.n.e.server.EurekaServerBootstrap   : Initialized server context
2018-05-12 03:44:59.071  INFO 96 --- [      Thread-11] c.n.e.r.PeerAwareInstanceRegistryImpl    : Got 1 instances from neighboring DS node
2018-05-12 03:44:59.072  INFO 96 --- [      Thread-11] c.n.e.r.PeerAwareInstanceRegistryImpl    : Renew threshold is: 1
2018-05-12 03:44:59.072  INFO 96 --- [      Thread-11] c.n.e.r.PeerAwareInstanceRegistryImpl    : Changing status to UP
2018-05-12 03:44:59.105  INFO 96 --- [      Thread-11] e.s.EurekaServerInitializerConfiguration : Started Eureka Server
2018-05-12 03:44:59.474  INFO 96 --- [           main] s.b.c.e.t.TomcatEmbeddedServletContainer : Tomcat started on port(s): 8761 (http)
2018-05-12 03:44:59.515  INFO 96 --- [           main] .s.c.n.e.s.EurekaAutoServiceRegistration : Updating port to 8761
2018-05-12 03:44:59.548  INFO 96 --- [           main] c.e.e.EurekaServerApplication            : Started EurekaServerApplication in 27.389 seconds (JVM running for 28.716)
2018-05-12 03:45:11.795  INFO 96 --- [nio-8761-exec-1] o.a.c.c.C.[Tomcat].[localhost].[/]       : Initializing Spring FrameworkServlet 'dispatcherServlet'
2018-05-12 03:45:11.796  INFO 96 --- [nio-8761-exec-1] o.s.web.servlet.DispatcherServlet        : FrameworkServlet 'dispatcherServlet': initialization started
2018-05-12 03:45:11.877  INFO 96 --- [nio-8761-exec-1] o.s.web.servlet.DispatcherServlet        : FrameworkServlet 'dispatcherServlet': initialization completed in 81 ms
2018-05-12 03:45:13.504  INFO 96 --- [nio-8761-exec-2] c.n.e.registry.AbstractInstanceRegistry  : Registered instance API-GATEWAY/9473e3b70c86:api-gateway with status UP (replication=false)
2018-05-12 03:45:14.867  INFO 96 --- [nio-8761-exec-3] c.n.e.registry.AbstractInstanceRegistry  : Registered instance API-GATEWAY/9473e3b70c86:api-gateway with status UP (replication=true)
2018-05-12 03:45:15.633  INFO 96 --- [nio-8761-exec-5] c.n.e.registry.AbstractInstanceRegistry  : Registered instance SONGS/e5559ce69e1c:songs:8082 with status UP (replication=false)
2018-05-12 03:45:16.161  INFO 96 --- [nio-8761-exec-6] c.n.e.registry.AbstractInstanceRegistry  : Registered instance SONGS/e5559ce69e1c:songs:8082 with status UP (replication=true)
2018-05-12 03:45:17.172  INFO 96 --- [nio-8761-exec-8] c.n.e.registry.AbstractInstanceRegistry  : Registered instance USERS/9e4b9d98a2ac:users:8081 with status UP (replication=false)
2018-05-12 03:45:17.678  INFO 96 --- [io-8761-exec-10] c.n.e.registry.AbstractInstanceRegistry  : Registered instance USERS/9e4b9d98a2ac:users:8081 with status UP (replication=true)
2018-05-12 03:45:59.089  INFO 96 --- [a-EvictionTimer] c.n.e.registry.AbstractInstanceRegistry  : Running the evict task with compensationTime 0ms
2018-05-12 03:46:59.089  INFO 96 --- [a-EvictionTimer] c.n.e.registry.AbstractInstanceRegistry  : Running the evict task with compensationTime 0ms
2018-05-12 03:47:59.089  INFO 96 --- [a-EvictionTimer] c.n.e.registry.AbstractInstanceRegistry  : Running the evict task with compensationTime 0ms
