07:05:04.756 [DEBUG] [org.gradle.launcher.daemon.bootstrap.DaemonMain] Assuming the daemon was started with following jvm opts: [-XX:+HeapDumpOnOutOfMemoryError, -Xmx1024m, -Dfile.encoding=UTF-8, -Duser.country, -Duser.language=en, -Duser.variant]
07:05:05.025 [INFO] [org.gradle.launcher.daemon.server.Daemon] start() called on daemon - DefaultDaemonContext[uid=8b6eade6-875f-4076-ab85-6e10d29e9c1d,javaHome=/opt/jdk1.8.0_172,daemonRegistryDir=/app/cache/daemon,pid=28,idleTimeout=10800000,daemonOpts=-XX:+HeapDumpOnOutOfMemoryError,-Xmx1024m,-Dfile.encoding=UTF-8,-Duser.country,-Duser.language=en,-Duser.variant]
07:05:05.054 [DEBUG] [org.gradle.internal.remote.internal.inet.InetAddresses] Adding IP addresses for network interface eth0
07:05:05.057 [DEBUG] [org.gradle.internal.remote.internal.inet.InetAddresses] Is this a loopback interface? false
07:05:05.061 [DEBUG] [org.gradle.internal.remote.internal.inet.InetAddresses] Is this a multicast interface? true
07:05:05.064 [DEBUG] [org.gradle.internal.remote.internal.inet.InetAddresses] Adding remote address /172.19.0.5
07:05:05.067 [DEBUG] [org.gradle.internal.remote.internal.inet.InetAddresses] Adding remote multicast interface eth0
07:05:05.071 [DEBUG] [org.gradle.internal.remote.internal.inet.InetAddresses] Adding IP addresses for network interface lo
07:05:05.074 [DEBUG] [org.gradle.internal.remote.internal.inet.InetAddresses] Is this a loopback interface? true
07:05:05.078 [DEBUG] [org.gradle.internal.remote.internal.inet.InetAddresses] Is this a multicast interface? false
07:05:05.081 [DEBUG] [org.gradle.internal.remote.internal.inet.InetAddresses] Adding loopback address /127.0.0.1
07:05:05.087 [DEBUG] [org.gradle.internal.remote.internal.inet.TcpIncomingConnector] Listening on [1ee42709-861f-4791-ae46-346cce8ae1f6 port:46251, addresses:[/127.0.0.1]].
07:05:05.095 [DEBUG] [org.gradle.launcher.daemon.server.Daemon] Daemon starting at: Wed May 09 07:05:05 GMT 2018, with address: [1ee42709-861f-4791-ae46-346cce8ae1f6 port:46251, addresses:[/127.0.0.1]]
07:05:05.099 [INFO] [org.gradle.launcher.daemon.server.DaemonRegistryUpdater] Advertising the daemon address to the clients: [1ee42709-861f-4791-ae46-346cce8ae1f6 port:46251, addresses:[/127.0.0.1]]
07:05:05.102 [DEBUG] [org.gradle.launcher.daemon.server.DaemonRegistryUpdater] Advertised daemon context: DefaultDaemonContext[uid=8b6eade6-875f-4076-ab85-6e10d29e9c1d,javaHome=/opt/jdk1.8.0_172,daemonRegistryDir=/app/cache/daemon,pid=28,idleTimeout=10800000,daemonOpts=-XX:+HeapDumpOnOutOfMemoryError,-Xmx1024m,-Dfile.encoding=UTF-8,-Duser.country,-Duser.language=en,-Duser.variant]
07:05:05.107 [DEBUG] [org.gradle.launcher.daemon.registry.PersistentDaemonRegistry] Storing daemon address: [1ee42709-861f-4791-ae46-346cce8ae1f6 port:46251, addresses:[/127.0.0.1]], context: DefaultDaemonContext[uid=8b6eade6-875f-4076-ab85-6e10d29e9c1d,javaHome=/opt/jdk1.8.0_172,daemonRegistryDir=/app/cache/daemon,pid=28,idleTimeout=10800000,daemonOpts=-XX:+HeapDumpOnOutOfMemoryError,-Xmx1024m,-Dfile.encoding=UTF-8,-Duser.country,-Duser.language=en,-Duser.variant]
07:05:05.134 [DEBUG] [org.gradle.cache.internal.DefaultFileLockManager] Waiting to acquire exclusive lock on daemon addresses registry.
07:05:05.145 [DEBUG] [org.gradle.cache.internal.DefaultFileLockManager] Lock acquired on daemon addresses registry.
07:05:05.166 [DEBUG] [org.gradle.cache.internal.DefaultFileLockManager] Releasing lock on daemon addresses registry.
07:05:05.171 [LIFECYCLE] [org.gradle.launcher.daemon.server.Daemon] Daemon server started.
07:05:05.176 [DEBUG] [org.gradle.launcher.daemon.bootstrap.DaemonStartupCommunication] Completed writing the daemon greeting. Closing streams...
07:05:05.198 [DEBUG] [org.gradle.internal.remote.internal.inet.TcpIncomingConnector] Accepted connection from /127.0.0.1:37564 to /127.0.0.1:46251.
07:05:05.209 [DEBUG] [org.gradle.launcher.daemon.server.Daemon] stopOnExpiration() called on daemon
07:05:05.225 [DEBUG] [org.gradle.launcher.daemon.server.Daemon] awaitExpiration() called on daemon
07:05:05.233 [DEBUG] [org.gradle.launcher.daemon.server.DaemonStateCoordinator] daemon is running. Sleeping until state changes.
07:05:05.518 [DEBUG] [org.gradle.launcher.daemon.server.SynchronizedDispatchConnection] thread 14: received class org.gradle.launcher.daemon.protocol.Build
07:05:05.522 [DEBUG] [org.gradle.launcher.daemon.server.DefaultDaemonConnection] thread 14: Received non-IO message from client: Build{id=13ca5cf3-ab25-4b9b-9c55-5cd4d3b6c738.1, currentDir=/app}
07:05:05.530 [INFO] [org.gradle.launcher.daemon.server.DefaultIncomingConnectionHandler] Received command: Build{id=13ca5cf3-ab25-4b9b-9c55-5cd4d3b6c738.1, currentDir=/app}.
07:05:05.533 [DEBUG] [org.gradle.launcher.daemon.server.DefaultIncomingConnectionHandler] Starting executing command: Build{id=13ca5cf3-ab25-4b9b-9c55-5cd4d3b6c738.1, currentDir=/app} with connection: socket connection from /127.0.0.1:46251 to /127.0.0.1:37564.
07:05:05.548 [ERROR] [org.gradle.launcher.daemon.server.DaemonStateCoordinator] Command execution: started DaemonCommandExecution[command = Build{id=13ca5cf3-ab25-4b9b-9c55-5cd4d3b6c738.1, currentDir=/app}, connection = DefaultDaemonConnection: socket connection from /127.0.0.1:46251 to /127.0.0.1:37564] after 0.0 minutes of idle
07:05:05.557 [INFO] [org.gradle.launcher.daemon.server.DaemonRegistryUpdater] Marking the daemon as busy, address: [1ee42709-861f-4791-ae46-346cce8ae1f6 port:46251, addresses:[/127.0.0.1]]
07:05:05.561 [DEBUG] [org.gradle.launcher.daemon.registry.PersistentDaemonRegistry] Marking busy by address: [1ee42709-861f-4791-ae46-346cce8ae1f6 port:46251, addresses:[/127.0.0.1]]
07:05:05.570 [DEBUG] [org.gradle.cache.internal.DefaultFileLockManager] Waiting to acquire exclusive lock on daemon addresses registry.
07:05:05.578 [DEBUG] [org.gradle.cache.internal.DefaultFileLockManager] Lock acquired on daemon addresses registry.
07:05:05.589 [DEBUG] [org.gradle.cache.internal.DefaultFileLockManager] Releasing lock on daemon addresses registry.
07:05:05.600 [DEBUG] [org.gradle.launcher.daemon.server.DaemonStateCoordinator] resetting idle timer
07:05:05.603 [DEBUG] [org.gradle.launcher.daemon.server.DaemonStateCoordinator] daemon is running. Sleeping until state changes.
07:05:05.612 [INFO] [org.gradle.launcher.daemon.server.exec.StartBuildOrRespondWithBusy] Daemon is about to start building Build{id=13ca5cf3-ab25-4b9b-9c55-5cd4d3b6c738.1, currentDir=/app}. Dispatching build started information...
07:05:05.617 [DEBUG] [org.gradle.launcher.daemon.server.SynchronizedDispatchConnection] thread 16: dispatching class org.gradle.launcher.daemon.protocol.BuildStarted
07:05:05.650 [DEBUG] [org.gradle.launcher.daemon.server.exec.EstablishBuildEnvironment] Configuring env variables: {PATH=/usr/local/sbin:/usr/local/bin:/usr/sbin:/usr/bin:/sbin:/bin:/opt/jdk/bin, JAVA_JCE=unlimited, SPRING_PROFILES_ACTIVE=dev, JAVA_HOME=/opt/jdk, OLDPWD=/app, GLIBC_VERSION=2.27-r0, LANG=C.UTF-8, JAVA_VERSION_MAJOR=8, GRADLE_USER_HOME=cache, HOSTNAME=7c44da4ae132, GLIBC_REPO=https://github.com/sgerrand/alpine-pkg-glibc, JAVA_VERSION_MINOR=172, PWD=/app, JAVA_PACKAGE=jdk, JAVA_VERSION_BUILD=11, HOME=/root, SHLVL=1}
07:05:05.671 [DEBUG] [org.gradle.launcher.daemon.server.exec.LogToClient] About to start relaying all logs to the client via the connection.
07:05:05.676 [INFO] [org.gradle.launcher.daemon.server.exec.LogToClient] The client will now receive all logging from the daemon (pid: 28). The daemon log file: /app/cache/daemon/4.5.1/daemon-28.out.log
07:05:05.679 [DEBUG] [org.gradle.launcher.daemon.server.SynchronizedDispatchConnection] thread 14: received class org.gradle.launcher.daemon.protocol.CloseInput
07:05:05.696 [DEBUG] [org.gradle.launcher.daemon.server.DefaultDaemonConnection] thread 14: Received IO message from client: org.gradle.launcher.daemon.protocol.CloseInput@4e06944e
07:05:05.681 [INFO] [org.gradle.launcher.daemon.server.exec.LogAndCheckHealth] Starting build in new daemon [memory: 954.7 MB]
07:05:05.706 [INFO] [org.gradle.launcher.daemon.server.exec.ForwardClientInput] Closing daemon's stdin at end of input.
07:05:05.710 [INFO] [org.gradle.launcher.daemon.server.exec.ForwardClientInput] The daemon will no longer process any standard input.
07:05:05.718 [DEBUG] [org.gradle.launcher.daemon.server.exec.ExecuteBuild] The daemon has started executing the build.
07:05:05.722 [DEBUG] [org.gradle.launcher.daemon.server.exec.ExecuteBuild] Executing build with daemon context: DefaultDaemonContext[uid=8b6eade6-875f-4076-ab85-6e10d29e9c1d,javaHome=/opt/jdk1.8.0_172,daemonRegistryDir=/app/cache/daemon,pid=28,idleTimeout=10800000,daemonOpts=-XX:+HeapDumpOnOutOfMemoryError,-Xmx1024m,-Dfile.encoding=UTF-8,-Duser.country,-Duser.language=en,-Duser.variant]
:compileJava
:processResources UP-TO-DATE
:classes
:bootRun
2018-05-09 07:05:45.025  INFO 66 --- [           main] s.c.a.AnnotationConfigApplicationContext : Refreshing org.springframework.context.annotation.AnnotationConfigApplicationContext@22a637e7: startup date [Wed May 09 07:05:45 GMT 2018]; root of context hierarchy
2018-05-09 07:05:46.449  INFO 66 --- [           main] f.a.AutowiredAnnotationBeanPostProcessor : JSR-330 'javax.inject.Inject' annotation found and supported for autowiring
2018-05-09 07:05:46.667  INFO 66 --- [           main] trationDelegate$BeanPostProcessorChecker : Bean 'configurationPropertiesRebinderAutoConfiguration' of type [org.springframework.cloud.autoconfigure.ConfigurationPropertiesRebinderAutoConfiguration$$EnhancerBySpringCGLIB$$7f62e33e] is not eligible for getting processed by all BeanPostProcessors (for example: not eligible for auto-proxying)
2018-05-09 07:05:48.405 ERROR 66 --- [           main] o.s.boot.SpringApplication               : Application startup failed

java.lang.IllegalArgumentException: No enum constant org.springframework.boot.ansi.AnsiOutput.Enabled.ALWAYS  
	at java.lang.Enum.valueOf(Enum.java:238) ~[na:1.8.0_172]
	at org.springframework.boot.context.config.AnsiOutputApplicationListener.onApplicationEvent(AnsiOutputApplicationListener.java:43) ~[spring-boot-1.5.8.RELEASE.jar:1.5.8.RELEASE]
	at org.springframework.boot.context.config.AnsiOutputApplicationListener.onApplicationEvent(AnsiOutputApplicationListener.java:34) ~[spring-boot-1.5.8.RELEASE.jar:1.5.8.RELEASE]
	at org.springframework.context.event.SimpleApplicationEventMulticaster.doInvokeListener(SimpleApplicationEventMulticaster.java:172) ~[spring-context-4.3.12.RELEASE.jar:4.3.12.RELEASE]
	at org.springframework.context.event.SimpleApplicationEventMulticaster.invokeListener(SimpleApplicationEventMulticaster.java:165) ~[spring-context-4.3.12.RELEASE.jar:4.3.12.RELEASE]
	at org.springframework.context.event.SimpleApplicationEventMulticaster.multicastEvent(SimpleApplicationEventMulticaster.java:139) ~[spring-context-4.3.12.RELEASE.jar:4.3.12.RELEASE]
	at org.springframework.context.event.SimpleApplicationEventMulticaster.multicastEvent(SimpleApplicationEventMulticaster.java:122) ~[spring-context-4.3.12.RELEASE.jar:4.3.12.RELEASE]
	at org.springframework.boot.context.event.EventPublishingRunListener.environmentPrepared(EventPublishingRunListener.java:74) ~[spring-boot-1.5.8.RELEASE.jar:1.5.8.RELEASE]
	at org.springframework.boot.SpringApplicationRunListeners.environmentPrepared(SpringApplicationRunListeners.java:54) ~[spring-boot-1.5.8.RELEASE.jar:1.5.8.RELEASE]
	at org.springframework.boot.SpringApplication.prepareEnvironment(SpringApplication.java:325) [spring-boot-1.5.8.RELEASE.jar:1.5.8.RELEASE]
	at org.springframework.boot.SpringApplication.run(SpringApplication.java:296) [spring-boot-1.5.8.RELEASE.jar:1.5.8.RELEASE]
	at org.springframework.boot.SpringApplication.run(SpringApplication.java:1118) [spring-boot-1.5.8.RELEASE.jar:1.5.8.RELEASE]
	at org.springframework.boot.SpringApplication.run(SpringApplication.java:1107) [spring-boot-1.5.8.RELEASE.jar:1.5.8.RELEASE]
	at com.example.usersapi.UsersApiApp.main(UsersApiApp.java:23) [main/:na]

:bootRun FAILED

FAILURE: Build failed with an exception.

* What went wrong:
Execution failed for task ':bootRun'.
> Process 'command '/opt/jdk1.8.0_172/bin/java'' finished with non-zero exit value 1

* Try:
Run with --stacktrace option to get the stack trace. Run with --info or --debug option to get more log output. Run with --scan to get full insights.

* Get more help at https://help.gradle.org

BUILD FAILED in 53s
3 actionable tasks: 2 executed, 1 up-to-date
07:05:48.619 [DEBUG] [org.gradle.launcher.daemon.server.exec.ExecuteBuild] The daemon has finished executing the build.
07:05:48.630 [DEBUG] [org.gradle.launcher.daemon.server.DaemonStateCoordinator] daemon is running. Sleeping until state changes.
07:05:48.639 [DEBUG] [org.gradle.launcher.daemon.server.DaemonStateCoordinator] Command execution: finished waiting for DaemonCommandExecution[command = Build{id=13ca5cf3-ab25-4b9b-9c55-5cd4d3b6c738.1, currentDir=/app}, connection = DefaultDaemonConnection: socket connection from /127.0.0.1:46251 to /127.0.0.1:37564]. Result org.gradle.launcher.daemon.server.DaemonStateCoordinator@6ec90f56 with state Busy
07:05:48.643 [DEBUG] [org.gradle.launcher.daemon.server.DaemonStateCoordinator] Command execution: completed DaemonCommandExecution[command = Build{id=13ca5cf3-ab25-4b9b-9c55-5cd4d3b6c738.1, currentDir=/app}, connection = DefaultDaemonConnection: socket connection from /127.0.0.1:46251 to /127.0.0.1:37564]
07:05:48.646 [DEBUG] [org.gradle.launcher.daemon.server.DaemonStateCoordinator] resetting idle timer
07:05:48.648 [INFO] [org.gradle.launcher.daemon.server.DaemonRegistryUpdater] Marking the daemon as idle, address: [1ee42709-861f-4791-ae46-346cce8ae1f6 port:46251, addresses:[/127.0.0.1]]
07:05:48.651 [DEBUG] [org.gradle.launcher.daemon.registry.PersistentDaemonRegistry] Marking busy by address: [1ee42709-861f-4791-ae46-346cce8ae1f6 port:46251, addresses:[/127.0.0.1]]
07:05:48.659 [DEBUG] [org.gradle.cache.internal.DefaultFileLockManager] Waiting to acquire exclusive lock on daemon addresses registry.
07:05:48.664 [DEBUG] [org.gradle.cache.internal.DefaultFileLockManager] Lock acquired on daemon addresses registry.
07:05:48.675 [DEBUG] [org.gradle.cache.internal.DefaultFileLockManager] Releasing lock on daemon addresses registry.
07:05:48.680 [DEBUG] [org.gradle.launcher.daemon.server.DaemonStateCoordinator] daemon is running. Sleeping until state changes.
07:05:48.681 [DEBUG] [org.gradle.launcher.daemon.server.exec.ReturnResult] Daemon is dispatching the build result: Failure[value=org.gradle.initialization.ReportedException: org.gradle.internal.exceptions.LocationAwareException: Execution failed for task ':bootRun'.]
07:05:48.686 [DEBUG] [org.gradle.launcher.daemon.server.SynchronizedDispatchConnection] thread 13: dispatching class org.gradle.launcher.daemon.protocol.Failure
07:05:48.773 [DEBUG] [org.gradle.launcher.daemon.server.DefaultIncomingConnectionHandler] Finishing executing command: Build{id=13ca5cf3-ab25-4b9b-9c55-5cd4d3b6c738.1, currentDir=/app}
07:05:48.859 [DEBUG] [org.gradle.process.internal.health.memory.MemoryManager] Emitting OS memory status event {Total: 4139302912, Free: 2670809088}
07:05:48.862 [DEBUG] [org.gradle.launcher.daemon.server.health.LowMemoryDaemonExpirationStrategy] Received memory status update: {Total: 4139302912, Free: 2670809088}
07:05:48.867 [DEBUG] [org.gradle.process.internal.health.memory.MemoryManager] Emitting JVM memory status event {Maximum: 954728448, Committed: 234356736}
07:05:48.879 [DEBUG] [org.gradle.launcher.daemon.server.SynchronizedDispatchConnection] thread 14: received class org.gradle.launcher.daemon.protocol.Finished
07:05:48.883 [DEBUG] [org.gradle.launcher.daemon.server.DefaultDaemonConnection] thread 14: Received non-IO message from client: org.gradle.launcher.daemon.protocol.Finished@2a385f54
07:05:48.888 [DEBUG] [org.gradle.launcher.daemon.server.DefaultIncomingConnectionHandler] Received finished message: org.gradle.launcher.daemon.protocol.Finished@2a385f54
07:05:48.892 [DEBUG] [org.gradle.launcher.daemon.server.SynchronizedDispatchConnection] thread 13: stopping connection
07:05:48.889 [DEBUG] [org.gradle.internal.remote.internal.inet.SocketConnection] Discarding EOFException: java.io.EOFException
07:05:48.901 [DEBUG] [org.gradle.launcher.daemon.server.SynchronizedDispatchConnection] thread 14: received null
07:05:48.903 [DEBUG] [org.gradle.launcher.daemon.server.DefaultDaemonConnection] thread 14: Received end-of-input from client.
07:05:48.907 [DEBUG] [org.gradle.launcher.daemon.server.SynchronizedDispatchConnection] thread 13: stopping connection
