21:19:08.743 [DEBUG] [org.gradle.launcher.daemon.bootstrap.DaemonMain] Assuming the daemon was started with following jvm opts: [-XX:+HeapDumpOnOutOfMemoryError, -Xmx1024m, -Dfile.encoding=UTF-8, -Duser.country, -Duser.language=en, -Duser.variant]
21:19:09.576 [INFO] [org.gradle.launcher.daemon.server.Daemon] start() called on daemon - DefaultDaemonContext[uid=471bb99b-f112-40be-a7e1-35005fa81fd5,javaHome=/opt/jdk1.8.0_172,daemonRegistryDir=/app/cache/daemon,pid=27,idleTimeout=10800000,daemonOpts=-XX:+HeapDumpOnOutOfMemoryError,-Xmx1024m,-Dfile.encoding=UTF-8,-Duser.country,-Duser.language=en,-Duser.variant]
21:19:09.672 [DEBUG] [org.gradle.internal.remote.internal.inet.InetAddresses] Adding IP addresses for network interface eth0
21:19:09.677 [DEBUG] [org.gradle.internal.remote.internal.inet.InetAddresses] Is this a loopback interface? false
21:19:09.681 [DEBUG] [org.gradle.internal.remote.internal.inet.InetAddresses] Is this a multicast interface? true
21:19:09.685 [DEBUG] [org.gradle.internal.remote.internal.inet.InetAddresses] Adding remote address /172.19.0.7
21:19:09.689 [DEBUG] [org.gradle.internal.remote.internal.inet.InetAddresses] Adding remote multicast interface eth0
21:19:09.694 [DEBUG] [org.gradle.internal.remote.internal.inet.InetAddresses] Adding IP addresses for network interface lo
21:19:09.699 [DEBUG] [org.gradle.internal.remote.internal.inet.InetAddresses] Is this a loopback interface? true
21:19:09.703 [DEBUG] [org.gradle.internal.remote.internal.inet.InetAddresses] Is this a multicast interface? false
21:19:09.707 [DEBUG] [org.gradle.internal.remote.internal.inet.InetAddresses] Adding loopback address /127.0.0.1
21:19:09.723 [DEBUG] [org.gradle.internal.remote.internal.inet.TcpIncomingConnector] Listening on [95939d05-437e-4957-a6e0-cf2afd378657 port:41515, addresses:[/127.0.0.1]].
21:19:09.753 [DEBUG] [org.gradle.launcher.daemon.server.Daemon] Daemon starting at: Fri May 11 21:19:09 GMT 2018, with address: [95939d05-437e-4957-a6e0-cf2afd378657 port:41515, addresses:[/127.0.0.1]]
21:19:09.757 [INFO] [org.gradle.launcher.daemon.server.DaemonRegistryUpdater] Advertising the daemon address to the clients: [95939d05-437e-4957-a6e0-cf2afd378657 port:41515, addresses:[/127.0.0.1]]
21:19:09.760 [DEBUG] [org.gradle.launcher.daemon.server.DaemonRegistryUpdater] Advertised daemon context: DefaultDaemonContext[uid=471bb99b-f112-40be-a7e1-35005fa81fd5,javaHome=/opt/jdk1.8.0_172,daemonRegistryDir=/app/cache/daemon,pid=27,idleTimeout=10800000,daemonOpts=-XX:+HeapDumpOnOutOfMemoryError,-Xmx1024m,-Dfile.encoding=UTF-8,-Duser.country,-Duser.language=en,-Duser.variant]
21:19:09.766 [DEBUG] [org.gradle.launcher.daemon.registry.PersistentDaemonRegistry] Storing daemon address: [95939d05-437e-4957-a6e0-cf2afd378657 port:41515, addresses:[/127.0.0.1]], context: DefaultDaemonContext[uid=471bb99b-f112-40be-a7e1-35005fa81fd5,javaHome=/opt/jdk1.8.0_172,daemonRegistryDir=/app/cache/daemon,pid=27,idleTimeout=10800000,daemonOpts=-XX:+HeapDumpOnOutOfMemoryError,-Xmx1024m,-Dfile.encoding=UTF-8,-Duser.country,-Duser.language=en,-Duser.variant]
21:19:09.881 [DEBUG] [org.gradle.cache.internal.DefaultFileLockManager] Waiting to acquire exclusive lock on daemon addresses registry.
21:19:09.893 [DEBUG] [org.gradle.cache.internal.DefaultFileLockManager] Lock acquired on daemon addresses registry.
21:19:09.916 [DEBUG] [org.gradle.cache.internal.DefaultFileLockManager] Releasing lock on daemon addresses registry.
21:19:09.921 [LIFECYCLE] [org.gradle.launcher.daemon.server.Daemon] Daemon server started.
21:19:09.943 [DEBUG] [org.gradle.launcher.daemon.bootstrap.DaemonStartupCommunication] Completed writing the daemon greeting. Closing streams...
21:19:09.962 [DEBUG] [org.gradle.launcher.daemon.server.Daemon] stopOnExpiration() called on daemon
21:19:09.989 [DEBUG] [org.gradle.launcher.daemon.server.Daemon] awaitExpiration() called on daemon
21:19:10.001 [DEBUG] [org.gradle.launcher.daemon.server.DaemonStateCoordinator] daemon is running. Sleeping until state changes.
21:19:10.027 [DEBUG] [org.gradle.internal.remote.internal.inet.TcpIncomingConnector] Accepted connection from /127.0.0.1:60160 to /127.0.0.1:41515.
21:19:10.910 [DEBUG] [org.gradle.launcher.daemon.server.SynchronizedDispatchConnection] thread 14: received class org.gradle.launcher.daemon.protocol.Build
21:19:11.032 [DEBUG] [org.gradle.launcher.daemon.server.DefaultDaemonConnection] thread 14: Received non-IO message from client: Build{id=17ce9984-d1b5-483c-b5c9-8e2ac8330d0c.1, currentDir=/app}
21:19:11.035 [INFO] [org.gradle.launcher.daemon.server.DefaultIncomingConnectionHandler] Received command: Build{id=17ce9984-d1b5-483c-b5c9-8e2ac8330d0c.1, currentDir=/app}.
21:19:11.044 [DEBUG] [org.gradle.launcher.daemon.server.DefaultIncomingConnectionHandler] Starting executing command: Build{id=17ce9984-d1b5-483c-b5c9-8e2ac8330d0c.1, currentDir=/app} with connection: socket connection from /127.0.0.1:41515 to /127.0.0.1:60160.
21:19:11.079 [ERROR] [org.gradle.launcher.daemon.server.DaemonStateCoordinator] Command execution: started DaemonCommandExecution[command = Build{id=17ce9984-d1b5-483c-b5c9-8e2ac8330d0c.1, currentDir=/app}, connection = DefaultDaemonConnection: socket connection from /127.0.0.1:41515 to /127.0.0.1:60160] after 0.0 minutes of idle
21:19:11.248 [INFO] [org.gradle.launcher.daemon.server.DaemonRegistryUpdater] Marking the daemon as busy, address: [95939d05-437e-4957-a6e0-cf2afd378657 port:41515, addresses:[/127.0.0.1]]
21:19:11.254 [DEBUG] [org.gradle.launcher.daemon.registry.PersistentDaemonRegistry] Marking busy by address: [95939d05-437e-4957-a6e0-cf2afd378657 port:41515, addresses:[/127.0.0.1]]
21:19:11.276 [DEBUG] [org.gradle.cache.internal.DefaultFileLockManager] Waiting to acquire exclusive lock on daemon addresses registry.
21:19:11.282 [DEBUG] [org.gradle.cache.internal.DefaultFileLockManager] Lock acquired on daemon addresses registry.
21:19:11.299 [DEBUG] [org.gradle.cache.internal.DefaultFileLockManager] Releasing lock on daemon addresses registry.
21:19:11.304 [DEBUG] [org.gradle.launcher.daemon.server.DaemonStateCoordinator] resetting idle timer
21:19:11.310 [DEBUG] [org.gradle.launcher.daemon.server.DaemonStateCoordinator] daemon is running. Sleeping until state changes.
21:19:11.313 [INFO] [org.gradle.launcher.daemon.server.exec.StartBuildOrRespondWithBusy] Daemon is about to start building Build{id=17ce9984-d1b5-483c-b5c9-8e2ac8330d0c.1, currentDir=/app}. Dispatching build started information...
21:19:11.318 [DEBUG] [org.gradle.launcher.daemon.server.SynchronizedDispatchConnection] thread 16: dispatching class org.gradle.launcher.daemon.protocol.BuildStarted
21:19:11.370 [DEBUG] [org.gradle.launcher.daemon.server.exec.EstablishBuildEnvironment] Configuring env variables: {PATH=/usr/local/sbin:/usr/local/bin:/usr/sbin:/usr/bin:/sbin:/bin:/opt/jdk/bin, JAVA_JCE=unlimited, SPRING_PROFILES_ACTIVE=dev, JAVA_HOME=/opt/jdk, OLDPWD=/app, GLIBC_VERSION=2.27-r0, LANG=C.UTF-8, JAVA_VERSION_MAJOR=8, GRADLE_USER_HOME=cache, HOSTNAME=fa9016674d7e, GLIBC_REPO=https://github.com/sgerrand/alpine-pkg-glibc, JAVA_VERSION_MINOR=172, PWD=/app, JAVA_PACKAGE=jdk, JAVA_VERSION_BUILD=11, HOME=/root, SHLVL=1}
21:19:11.451 [DEBUG] [org.gradle.launcher.daemon.server.exec.LogToClient] About to start relaying all logs to the client via the connection.
21:19:11.453 [DEBUG] [org.gradle.launcher.daemon.server.SynchronizedDispatchConnection] thread 14: received class org.gradle.launcher.daemon.protocol.CloseInput
21:19:11.474 [DEBUG] [org.gradle.launcher.daemon.server.DefaultDaemonConnection] thread 14: Received IO message from client: org.gradle.launcher.daemon.protocol.CloseInput@9e6b2fc
21:19:11.480 [INFO] [org.gradle.launcher.daemon.server.exec.LogToClient] The client will now receive all logging from the daemon (pid: 27). The daemon log file: /app/cache/daemon/4.5.1/daemon-27.out.log
21:19:11.499 [INFO] [org.gradle.launcher.daemon.server.exec.LogAndCheckHealth] Starting build in new daemon [memory: 954.7 MB]
21:19:11.519 [INFO] [org.gradle.launcher.daemon.server.exec.ForwardClientInput] Closing daemon's stdin at end of input.
21:19:11.534 [INFO] [org.gradle.launcher.daemon.server.exec.ForwardClientInput] The daemon will no longer process any standard input.
21:19:11.541 [DEBUG] [org.gradle.launcher.daemon.server.exec.ExecuteBuild] The daemon has started executing the build.
21:19:11.557 [DEBUG] [org.gradle.launcher.daemon.server.exec.ExecuteBuild] Executing build with daemon context: DefaultDaemonContext[uid=471bb99b-f112-40be-a7e1-35005fa81fd5,javaHome=/opt/jdk1.8.0_172,daemonRegistryDir=/app/cache/daemon,pid=27,idleTimeout=10800000,daemonOpts=-XX:+HeapDumpOnOutOfMemoryError,-Xmx1024m,-Dfile.encoding=UTF-8,-Duser.country,-Duser.language=en,-Duser.variant]
:compileJava
Download https://repo.maven.apache.org/maven2/io/netty/netty-handler/4.1.24.Final/netty-handler-4.1.24.Final.jar
Download https://repo.maven.apache.org/maven2/org/projectlombok/lombok/1.16.14/lombok-1.16.14.jar
Download https://repo.maven.apache.org/maven2/io/netty/netty-codec/4.1.24.Final/netty-codec-4.1.24.Final.jar
Download https://repo.maven.apache.org/maven2/io/netty/netty-buffer/4.1.24.Final/netty-buffer-4.1.24.Final.jar
Download https://repo.maven.apache.org/maven2/io/netty/netty-transport/4.1.24.Final/netty-transport-4.1.24.Final.jar
Download https://repo.maven.apache.org/maven2/io/netty/netty-resolver/4.1.24.Final/netty-resolver-4.1.24.Final.jar
Download https://repo.maven.apache.org/maven2/io/netty/netty-common/4.1.24.Final/netty-common-4.1.24.Final.jar
:processResources
:classes
:bootRun
21:23:35.841 [main] DEBUG org.springframework.boot.devtools.settings.DevToolsSettings - Included patterns for restart : []
21:23:35.900 [main] DEBUG org.springframework.boot.devtools.settings.DevToolsSettings - Excluded patterns for restart : [/spring-boot-starter/target/classes/, /spring-boot-autoconfigure/target/classes/, /spring-boot-starter-[\w-]+/, /spring-boot/target/classes/, /spring-boot-actuator/target/classes/, /spring-boot-devtools/target/classes/]
21:23:35.901 [main] DEBUG org.springframework.boot.devtools.restart.ChangeableUrls - Matching URLs for reloading : [file:/app/build/classes/java/main/, file:/app/build/resources/main/]
2018-05-11 21:23:50.147  INFO 65 --- [  restartedMain] s.c.a.AnnotationConfigApplicationContext : Refreshing org.springframework.context.annotation.AnnotationConfigApplicationContext@1ef570d5: startup date [Fri May 11 21:23:50 GMT 2018]; root of context hierarchy
2018-05-11 21:23:57.879  INFO 65 --- [  restartedMain] f.a.AutowiredAnnotationBeanPostProcessor : JSR-330 'javax.inject.Inject' annotation found and supported for autowiring
2018-05-11 21:24:00.360  INFO 65 --- [  restartedMain] trationDelegate$BeanPostProcessorChecker : Bean 'configurationPropertiesRebinderAutoConfiguration' of type [org.springframework.cloud.autoconfigure.ConfigurationPropertiesRebinderAutoConfiguration$$EnhancerBySpringCGLIB$$455c00ad] is not eligible for getting processed by all BeanPostProcessors (for example: not eligible for auto-proxying)

  .   ____          _            __ _ _
 /\\ / ___'_ __ _ _(_)_ __  __ _ \ \ \ \
( ( )\___ | '_ | '_| | '_ \/ _` | \ \ \ \
 \\/  ___)| |_)| | | | | || (_| |  ) ) ) )
  '  |____| .__|_| |_|_| |_\__, | / / / /
 =========|_|==============|___/=/_/_/_/
 :: Spring Boot ::        (v1.5.8.RELEASE)

2018-05-11 21:24:08.510  INFO 65 --- [  restartedMain] com.example.usersapi.UsersApiApp         : The following profiles are active: dev
2018-05-11 21:24:08.730  INFO 65 --- [  restartedMain] ationConfigEmbeddedWebApplicationContext : Refreshing org.springframework.boot.context.embedded.AnnotationConfigEmbeddedWebApplicationContext@52176136: startup date [Fri May 11 21:24:08 GMT 2018]; parent: org.springframework.context.annotation.AnnotationConfigApplicationContext@1ef570d5
2018-05-11 21:24:38.212  INFO 65 --- [  restartedMain] o.s.cloud.context.scope.GenericScope     : BeanFactory id=fd823105-332d-359c-84db-5aa840c9d0fd
2018-05-11 21:24:38.752  INFO 65 --- [  restartedMain] f.a.AutowiredAnnotationBeanPostProcessor : JSR-330 'javax.inject.Inject' annotation found and supported for autowiring
2018-05-11 21:24:40.770  INFO 65 --- [  restartedMain] trationDelegate$BeanPostProcessorChecker : Bean 'org.springframework.transaction.annotation.ProxyTransactionManagementConfiguration' of type [org.springframework.transaction.annotation.ProxyTransactionManagementConfiguration$$EnhancerBySpringCGLIB$$2941fdb0] is not eligible for getting processed by all BeanPostProcessors (for example: not eligible for auto-proxying)
2018-05-11 21:24:42.345  INFO 65 --- [  restartedMain] trationDelegate$BeanPostProcessorChecker : Bean 'org.springframework.cloud.autoconfigure.ConfigurationPropertiesRebinderAutoConfiguration' of type [org.springframework.cloud.autoconfigure.ConfigurationPropertiesRebinderAutoConfiguration$$EnhancerBySpringCGLIB$$455c00ad] is not eligible for getting processed by all BeanPostProcessors (for example: not eligible for auto-proxying)
2018-05-11 21:24:49.784  INFO 65 --- [  restartedMain] s.b.c.e.t.TomcatEmbeddedServletContainer : Tomcat initialized with port(s): 8081 (http)
2018-05-11 21:24:50.071  INFO 65 --- [  restartedMain] o.apache.catalina.core.StandardService   : Starting service [Tomcat]
2018-05-11 21:24:50.121  INFO 65 --- [  restartedMain] org.apache.catalina.core.StandardEngine  : Starting Servlet Engine: Apache Tomcat/8.5.23
2018-05-11 21:24:58.069  INFO 65 --- [ost-startStop-1] o.a.c.c.C.[Tomcat].[localhost].[/]       : Initializing Spring embedded WebApplicationContext
2018-05-11 21:24:58.071  INFO 65 --- [ost-startStop-1] o.s.web.context.ContextLoader            : Root WebApplicationContext: initialization completed in 49341 ms
2018-05-11 21:25:01.501  INFO 65 --- [ost-startStop-1] o.s.b.w.servlet.ServletRegistrationBean  : Mapping servlet: 'dispatcherServlet' to [/]
2018-05-11 21:25:01.576  INFO 65 --- [ost-startStop-1] o.s.b.w.servlet.FilterRegistrationBean   : Mapping filter: 'characterEncodingFilter' to: [/*]
2018-05-11 21:25:01.581  INFO 65 --- [ost-startStop-1] o.s.b.w.servlet.FilterRegistrationBean   : Mapping filter: 'hiddenHttpMethodFilter' to: [/*]
2018-05-11 21:25:01.586  INFO 65 --- [ost-startStop-1] o.s.b.w.servlet.FilterRegistrationBean   : Mapping filter: 'httpPutFormContentFilter' to: [/*]
2018-05-11 21:25:01.586  INFO 65 --- [ost-startStop-1] o.s.b.w.servlet.FilterRegistrationBean   : Mapping filter: 'requestContextFilter' to: [/*]
2018-05-11 21:25:06.946  INFO 65 --- [  restartedMain] o.f.core.internal.util.VersionPrinter    : Flyway 3.2.1 by Boxfuse
2018-05-11 21:25:08.570  INFO 65 --- [  restartedMain] o.f.c.i.dbsupport.DbSupportFactory       : Database: jdbc:postgresql://postgresdev:5432/pgdev (PostgreSQL 10.3)
2018-05-11 21:25:11.221  INFO 65 --- [  restartedMain] o.f.core.internal.command.DbValidate     : Validated 1 migration (execution time 00:00.353s)
2018-05-11 21:25:11.646  INFO 65 --- [  restartedMain] o.f.core.internal.command.DbMigrate      : Current version of schema "public": 1
2018-05-11 21:25:11.649  WARN 65 --- [  restartedMain] o.f.core.internal.command.DbMigrate      : Schema "public" has version 1, but no migration could be resolved in the configured locations !
2018-05-11 21:25:11.681  INFO 65 --- [  restartedMain] o.f.core.internal.command.DbMigrate      : Schema "public" is up to date. No migration necessary.
2018-05-11 21:25:15.196  INFO 65 --- [  restartedMain] j.LocalContainerEntityManagerFactoryBean : Building JPA container EntityManagerFactory for persistence unit 'default'
2018-05-11 21:25:15.381  INFO 65 --- [  restartedMain] o.hibernate.jpa.internal.util.LogHelper  : HHH000204: Processing PersistenceUnitInfo [
	name: default
	...]
2018-05-11 21:25:17.448  INFO 65 --- [  restartedMain] org.hibernate.Version                    : HHH000412: Hibernate Core {5.0.12.Final}
2018-05-11 21:25:17.462  INFO 65 --- [  restartedMain] org.hibernate.cfg.Environment            : HHH000206: hibernate.properties not found
2018-05-11 21:25:17.482  INFO 65 --- [  restartedMain] org.hibernate.cfg.Environment            : HHH000021: Bytecode provider name : javassist
2018-05-11 21:25:18.756  INFO 65 --- [  restartedMain] o.hibernate.annotations.common.Version   : HCANN000001: Hibernate Commons Annotations {5.0.1.Final}
2018-05-11 21:25:21.840  INFO 65 --- [  restartedMain] org.hibernate.dialect.Dialect            : HHH000400: Using dialect: org.hibernate.dialect.PostgreSQLDialect
2018-05-11 21:25:22.930  INFO 65 --- [  restartedMain] o.h.e.j.e.i.LobCreatorBuilderImpl        : HHH000424: Disabling contextual LOB creation as createClob() method threw error : java.lang.reflect.InvocationTargetException
2018-05-11 21:25:22.943  INFO 65 --- [  restartedMain] org.hibernate.type.BasicTypeRegistry     : HHH000270: Type registration [java.util.UUID] overrides previous : org.hibernate.type.UUIDBinaryType@f740c38
2018-05-11 21:25:28.338  INFO 65 --- [  restartedMain] j.LocalContainerEntityManagerFactoryBean : Initialized JPA EntityManagerFactory for persistence unit 'default'
2018-05-11 21:25:39.738  WARN 65 --- [  restartedMain] c.n.c.sources.URLConfigurationSource     : No URLs will be polled as dynamic configuration sources.
2018-05-11 21:25:39.772  INFO 65 --- [  restartedMain] c.n.c.sources.URLConfigurationSource     : To enable URLs as dynamic configuration sources, define System property archaius.configurationSource.additionalUrls or make config.properties available on classpath.
2018-05-11 21:25:40.075  WARN 65 --- [  restartedMain] c.n.c.sources.URLConfigurationSource     : No URLs will be polled as dynamic configuration sources.
2018-05-11 21:25:40.075  INFO 65 --- [  restartedMain] c.n.c.sources.URLConfigurationSource     : To enable URLs as dynamic configuration sources, define System property archaius.configurationSource.additionalUrls or make config.properties available on classpath.
2018-05-11 21:25:46.915  INFO 65 --- [  restartedMain] s.w.s.m.m.a.RequestMappingHandlerAdapter : Looking for @ControllerAdvice: org.springframework.boot.context.embedded.AnnotationConfigEmbeddedWebApplicationContext@52176136: startup date [Fri May 11 21:24:08 GMT 2018]; parent: org.springframework.context.annotation.AnnotationConfigApplicationContext@1ef570d5
2018-05-11 21:25:48.865  INFO 65 --- [  restartedMain] s.w.s.m.m.a.RequestMappingHandlerMapping : Mapped "{[/]}" onto public java.lang.String com.example.usersapi.UsersApiApp.home()
2018-05-11 21:25:49.280  INFO 65 --- [  restartedMain] s.w.s.m.m.a.RequestMappingHandlerMapping : Mapped "{[/users/{userId}],methods=[GET]}" onto public com.example.usersapi.models.User com.example.usersapi.controllers.UsersController.findUserById(java.lang.Long)
2018-05-11 21:25:49.288  INFO 65 --- [  restartedMain] s.w.s.m.m.a.RequestMappingHandlerMapping : Mapped "{[/users],methods=[GET]}" onto public java.lang.Iterable<com.example.usersapi.models.User> com.example.usersapi.controllers.UsersController.findAllUsers()
2018-05-11 21:25:49.290  INFO 65 --- [  restartedMain] s.w.s.m.m.a.RequestMappingHandlerMapping : Mapped "{[/users/{userId}],methods=[DELETE]}" onto public org.springframework.http.HttpStatus com.example.usersapi.controllers.UsersController.deleteUserById(java.lang.Long)
2018-05-11 21:25:49.292  INFO 65 --- [  restartedMain] s.w.s.m.m.a.RequestMappingHandlerMapping : Mapped "{[/users],methods=[POST]}" onto public com.example.usersapi.models.User com.example.usersapi.controllers.UsersController.createNewUser(com.example.usersapi.models.User)
2018-05-11 21:25:49.294  INFO 65 --- [  restartedMain] s.w.s.m.m.a.RequestMappingHandlerMapping : Mapped "{[/users/{userId}],methods=[PATCH]}" onto public com.example.usersapi.models.User com.example.usersapi.controllers.UsersController.updateUserById(java.lang.Long,com.example.usersapi.models.User)
2018-05-11 21:25:49.454  INFO 65 --- [  restartedMain] s.w.s.m.m.a.RequestMappingHandlerMapping : Mapped "{[/error],produces=[text/html]}" onto public org.springframework.web.servlet.ModelAndView org.springframework.boot.autoconfigure.web.BasicErrorController.errorHtml(javax.servlet.http.HttpServletRequest,javax.servlet.http.HttpServletResponse)
2018-05-11 21:25:49.455  INFO 65 --- [  restartedMain] s.w.s.m.m.a.RequestMappingHandlerMapping : Mapped "{[/error]}" onto public org.springframework.http.ResponseEntity<java.util.Map<java.lang.String, java.lang.Object>> org.springframework.boot.autoconfigure.web.BasicErrorController.error(javax.servlet.http.HttpServletRequest)
2018-05-11 21:25:50.139  INFO 65 --- [  restartedMain] o.s.w.s.handler.SimpleUrlHandlerMapping  : Mapped URL path [/webjars/**] onto handler of type [class org.springframework.web.servlet.resource.ResourceHttpRequestHandler]
2018-05-11 21:25:50.139  INFO 65 --- [  restartedMain] o.s.w.s.handler.SimpleUrlHandlerMapping  : Mapped URL path [/**] onto handler of type [class org.springframework.web.servlet.resource.ResourceHttpRequestHandler]
2018-05-11 21:25:50.685  INFO 65 --- [  restartedMain] o.s.w.s.handler.SimpleUrlHandlerMapping  : Mapped URL path [/**/favicon.ico] onto handler of type [class org.springframework.web.servlet.resource.ResourceHttpRequestHandler]
2018-05-11 21:25:56.973  INFO 65 --- [  restartedMain] o.s.b.d.a.OptionalLiveReloadServer       : LiveReload server is running on port 35729
2018-05-11 21:25:59.859  WARN 65 --- [  restartedMain] arterDeprecationWarningAutoConfiguration : spring-cloud-starter-eureka is deprecated as of Spring Cloud Netflix 1.4.0, please migrate to spring-cloud-starter-netflix-eureka
2018-05-11 21:26:00.563  INFO 65 --- [  restartedMain] o.s.j.e.a.AnnotationMBeanExporter        : Registering beans for JMX exposure on startup
2018-05-11 21:26:00.619  INFO 65 --- [  restartedMain] o.s.j.e.a.AnnotationMBeanExporter        : Bean with name 'environmentManager' has been autodetected for JMX exposure
2018-05-11 21:26:00.642  INFO 65 --- [  restartedMain] o.s.j.e.a.AnnotationMBeanExporter        : Bean with name 'configurationPropertiesRebinder' has been autodetected for JMX exposure
2018-05-11 21:26:00.658  INFO 65 --- [  restartedMain] o.s.j.e.a.AnnotationMBeanExporter        : Bean with name 'refreshScope' has been autodetected for JMX exposure
2018-05-11 21:26:00.681  INFO 65 --- [  restartedMain] o.s.j.e.a.AnnotationMBeanExporter        : Located managed bean 'environmentManager': registering with JMX server as MBean [org.springframework.cloud.context.environment:name=environmentManager,type=EnvironmentManager]
2018-05-11 21:26:00.812  INFO 65 --- [  restartedMain] o.s.j.e.a.AnnotationMBeanExporter        : Located managed bean 'refreshScope': registering with JMX server as MBean [org.springframework.cloud.context.scope.refresh:name=refreshScope,type=RefreshScope]
2018-05-11 21:26:01.087  INFO 65 --- [  restartedMain] o.s.j.e.a.AnnotationMBeanExporter        : Located managed bean 'configurationPropertiesRebinder': registering with JMX server as MBean [org.springframework.cloud.context.properties:name=configurationPropertiesRebinder,context=52176136,type=ConfigurationPropertiesRebinder]
2018-05-11 21:26:02.513  INFO 65 --- [  restartedMain] o.s.c.support.DefaultLifecycleProcessor  : Starting beans in phase 0
2018-05-11 21:26:02.583  INFO 65 --- [  restartedMain] o.s.c.n.eureka.InstanceInfoFactory       : Setting initial instance status as: STARTING
2018-05-11 21:26:03.172  INFO 65 --- [  restartedMain] com.netflix.discovery.DiscoveryClient    : Initializing Eureka in region us-east-1
2018-05-11 21:26:04.507  INFO 65 --- [  restartedMain] c.n.d.provider.DiscoveryJerseyProvider   : Using JSON encoding codec LegacyJacksonJson
2018-05-11 21:26:04.507  INFO 65 --- [  restartedMain] c.n.d.provider.DiscoveryJerseyProvider   : Using JSON decoding codec LegacyJacksonJson
2018-05-11 21:26:05.034  INFO 65 --- [  restartedMain] c.n.d.provider.DiscoveryJerseyProvider   : Using XML encoding codec XStreamXml
2018-05-11 21:26:05.035  INFO 65 --- [  restartedMain] c.n.d.provider.DiscoveryJerseyProvider   : Using XML decoding codec XStreamXml
2018-05-11 21:26:06.890  INFO 65 --- [  restartedMain] c.n.d.s.r.aws.ConfigClusterResolver      : Resolving eureka endpoints via configuration
2018-05-11 21:26:07.268  INFO 65 --- [  restartedMain] com.netflix.discovery.DiscoveryClient    : Disable delta property : false
2018-05-11 21:26:07.268  INFO 65 --- [  restartedMain] com.netflix.discovery.DiscoveryClient    : Single vip registry refresh property : null
2018-05-11 21:26:07.269  INFO 65 --- [  restartedMain] com.netflix.discovery.DiscoveryClient    : Force full registry fetch : false
2018-05-11 21:26:07.269  INFO 65 --- [  restartedMain] com.netflix.discovery.DiscoveryClient    : Application is null : false
2018-05-11 21:26:07.269  INFO 65 --- [  restartedMain] com.netflix.discovery.DiscoveryClient    : Registered Applications size is zero : true
2018-05-11 21:26:07.278  INFO 65 --- [  restartedMain] com.netflix.discovery.DiscoveryClient    : Application version is -1: true
2018-05-11 21:26:07.280  INFO 65 --- [  restartedMain] com.netflix.discovery.DiscoveryClient    : Getting all instance registry info from the eureka server
2018-05-11 21:26:08.257  INFO 65 --- [  restartedMain] com.netflix.discovery.DiscoveryClient    : The response status is 200
2018-05-11 21:26:08.263  INFO 65 --- [  restartedMain] com.netflix.discovery.DiscoveryClient    : Starting heartbeat executor: renew interval is: 30
2018-05-11 21:26:08.268  INFO 65 --- [  restartedMain] c.n.discovery.InstanceInfoReplicator     : InstanceInfoReplicator onDemand update allowed rate per min is 4
2018-05-11 21:26:08.280  INFO 65 --- [  restartedMain] com.netflix.discovery.DiscoveryClient    : Discovery Client initialized at timestamp 1526073968279 with initial instances count: 1
2018-05-11 21:26:08.296  INFO 65 --- [  restartedMain] o.s.c.n.e.s.EurekaServiceRegistry        : Registering application users with eureka with status UP
2018-05-11 21:26:08.305  INFO 65 --- [  restartedMain] com.netflix.discovery.DiscoveryClient    : Saw local status change event StatusChangeEvent [timestamp=1526073968305, current=UP, previous=STARTING]
2018-05-11 21:26:08.312  INFO 65 --- [nfoReplicator-0] com.netflix.discovery.DiscoveryClient    : DiscoveryClient_USERS/fa9016674d7e:users:8081: registering service...
2018-05-11 21:26:08.918  INFO 65 --- [nfoReplicator-0] com.netflix.discovery.DiscoveryClient    : DiscoveryClient_USERS/fa9016674d7e:users:8081 - registration status: 204
2018-05-11 21:26:09.103  INFO 65 --- [  restartedMain] s.b.c.e.t.TomcatEmbeddedServletContainer : Tomcat started on port(s): 8081 (http)
2018-05-11 21:26:09.114  INFO 65 --- [  restartedMain] .s.c.n.e.s.EurekaAutoServiceRegistration : Updating port to 8081
2018-05-11 21:26:09.154  INFO 65 --- [  restartedMain] com.example.usersapi.UsersApiApp         : Started UsersApiApp in 152.019 seconds (JVM running for 214.388)
2018-05-11 21:30:05.380  INFO 65 --- [nio-8081-exec-1] o.a.c.c.C.[Tomcat].[localhost].[/]       : Initializing Spring FrameworkServlet 'dispatcherServlet'
2018-05-11 21:30:05.382  INFO 65 --- [nio-8081-exec-1] o.s.web.servlet.DispatcherServlet        : FrameworkServlet 'dispatcherServlet': initialization started
2018-05-11 21:30:05.665  INFO 65 --- [nio-8081-exec-1] o.s.web.servlet.DispatcherServlet        : FrameworkServlet 'dispatcherServlet': initialization completed in 283 ms
2018-05-11 21:30:20.633  INFO 65 --- [nio-8081-exec-4] o.h.h.i.QueryTranslatorFactoryInitiator  : HHH000397: Using ASTQueryTranslatorFactory
2018-05-11 21:30:21.894  WARN 65 --- [nio-8081-exec-4] o.h.engine.jdbc.spi.SqlExceptionHelper   : SQL Error: 0, SQLState: 42P01
2018-05-11 21:30:21.895 ERROR 65 --- [nio-8081-exec-4] o.h.engine.jdbc.spi.SqlExceptionHelper   : ERROR: relation "users" does not exist
  Position: 136
2018-05-11 21:30:22.087 ERROR 65 --- [nio-8081-exec-4] o.a.c.c.C.[.[.[/].[dispatcherServlet]    : Servlet.service() for servlet [dispatcherServlet] in context with path [] threw exception [Request processing failed; nested exception is org.springframework.dao.InvalidDataAccessResourceUsageException: could not extract ResultSet; SQL [n/a]; nested exception is org.hibernate.exception.SQLGrammarException: could not extract ResultSet] with root cause

org.postgresql.util.PSQLException: ERROR: relation "users" does not exist
  Position: 136
	at org.postgresql.core.v3.QueryExecutorImpl.receiveErrorResponse(QueryExecutorImpl.java:2455) ~[postgresql-9.4.1212.jre7.jar:9.4.1212.jre7]
	at org.postgresql.core.v3.QueryExecutorImpl.processResults(QueryExecutorImpl.java:2155) ~[postgresql-9.4.1212.jre7.jar:9.4.1212.jre7]
	at org.postgresql.core.v3.QueryExecutorImpl.execute(QueryExecutorImpl.java:288) ~[postgresql-9.4.1212.jre7.jar:9.4.1212.jre7]
	at org.postgresql.jdbc.PgStatement.executeInternal(PgStatement.java:430) ~[postgresql-9.4.1212.jre7.jar:9.4.1212.jre7]
	at org.postgresql.jdbc.PgStatement.execute(PgStatement.java:356) ~[postgresql-9.4.1212.jre7.jar:9.4.1212.jre7]
	at org.postgresql.jdbc.PgPreparedStatement.executeWithFlags(PgPreparedStatement.java:168) ~[postgresql-9.4.1212.jre7.jar:9.4.1212.jre7]
	at org.postgresql.jdbc.PgPreparedStatement.executeQuery(PgPreparedStatement.java:116) ~[postgresql-9.4.1212.jre7.jar:9.4.1212.jre7]
	at sun.reflect.NativeMethodAccessorImpl.invoke0(Native Method) ~[na:1.8.0_172]
	at sun.reflect.NativeMethodAccessorImpl.invoke(NativeMethodAccessorImpl.java:62) ~[na:1.8.0_172]
	at sun.reflect.DelegatingMethodAccessorImpl.invoke(DelegatingMethodAccessorImpl.java:43) ~[na:1.8.0_172]
	at java.lang.reflect.Method.invoke(Method.java:498) ~[na:1.8.0_172]
	at org.apache.tomcat.jdbc.pool.StatementFacade$StatementProxy.invoke(StatementFacade.java:114) ~[tomcat-jdbc-8.5.23.jar:na]
	at com.sun.proxy.$Proxy83.executeQuery(Unknown Source) ~[na:na]
	at org.hibernate.engine.jdbc.internal.ResultSetReturnImpl.extract(ResultSetReturnImpl.java:70) ~[hibernate-core-5.0.12.Final.jar:5.0.12.Final]
	at org.hibernate.loader.Loader.getResultSet(Loader.java:2117) ~[hibernate-core-5.0.12.Final.jar:5.0.12.Final]
	at org.hibernate.loader.Loader.executeQueryStatement(Loader.java:1900) ~[hibernate-core-5.0.12.Final.jar:5.0.12.Final]
	at org.hibernate.loader.Loader.executeQueryStatement(Loader.java:1876) ~[hibernate-core-5.0.12.Final.jar:5.0.12.Final]
	at org.hibernate.loader.Loader.doQuery(Loader.java:919) ~[hibernate-core-5.0.12.Final.jar:5.0.12.Final]
	at org.hibernate.loader.Loader.doQueryAndInitializeNonLazyCollections(Loader.java:336) ~[hibernate-core-5.0.12.Final.jar:5.0.12.Final]
	at org.hibernate.loader.Loader.doList(Loader.java:2617) ~[hibernate-core-5.0.12.Final.jar:5.0.12.Final]
	at org.hibernate.loader.Loader.doList(Loader.java:2600) ~[hibernate-core-5.0.12.Final.jar:5.0.12.Final]
	at org.hibernate.loader.Loader.listIgnoreQueryCache(Loader.java:2429) ~[hibernate-core-5.0.12.Final.jar:5.0.12.Final]
	at org.hibernate.loader.Loader.list(Loader.java:2424) ~[hibernate-core-5.0.12.Final.jar:5.0.12.Final]
	at org.hibernate.loader.hql.QueryLoader.list(QueryLoader.java:501) ~[hibernate-core-5.0.12.Final.jar:5.0.12.Final]
	at org.hibernate.hql.internal.ast.QueryTranslatorImpl.list(QueryTranslatorImpl.java:371) ~[hibernate-core-5.0.12.Final.jar:5.0.12.Final]
	at org.hibernate.engine.query.spi.HQLQueryPlan.performList(HQLQueryPlan.java:216) ~[hibernate-core-5.0.12.Final.jar:5.0.12.Final]
	at org.hibernate.internal.SessionImpl.list(SessionImpl.java:1326) ~[hibernate-core-5.0.12.Final.jar:5.0.12.Final]
	at org.hibernate.internal.QueryImpl.list(QueryImpl.java:87) ~[hibernate-core-5.0.12.Final.jar:5.0.12.Final]
	at org.hibernate.jpa.internal.QueryImpl.list(QueryImpl.java:606) ~[hibernate-entitymanager-5.0.12.Final.jar:5.0.12.Final]
	at org.hibernate.jpa.internal.QueryImpl.getResultList(QueryImpl.java:483) ~[hibernate-entitymanager-5.0.12.Final.jar:5.0.12.Final]
	at org.hibernate.jpa.criteria.compile.CriteriaQueryTypeQueryAdapter.getResultList(CriteriaQueryTypeQueryAdapter.java:50) ~[hibernate-entitymanager-5.0.12.Final.jar:5.0.12.Final]
	at org.springframework.data.jpa.repository.support.SimpleJpaRepository.findAll(SimpleJpaRepository.java:329) ~[spring-data-jpa-1.11.8.RELEASE.jar:na]
	at sun.reflect.NativeMethodAccessorImpl.invoke0(Native Method) ~[na:1.8.0_172]
	at sun.reflect.NativeMethodAccessorImpl.invoke(NativeMethodAccessorImpl.java:62) ~[na:1.8.0_172]
	at sun.reflect.DelegatingMethodAccessorImpl.invoke(DelegatingMethodAccessorImpl.java:43) ~[na:1.8.0_172]
	at java.lang.reflect.Method.invoke(Method.java:498) ~[na:1.8.0_172]
	at org.springframework.data.repository.core.support.RepositoryFactorySupport$QueryExecutorMethodInterceptor.executeMethodOn(RepositoryFactorySupport.java:504) ~[spring-data-commons-1.13.8.RELEASE.jar:na]
	at org.springframework.data.repository.core.support.RepositoryFactorySupport$QueryExecutorMethodInterceptor.doInvoke(RepositoryFactorySupport.java:489) ~[spring-data-commons-1.13.8.RELEASE.jar:na]
	at org.springframework.data.repository.core.support.RepositoryFactorySupport$QueryExecutorMethodInterceptor.invoke(RepositoryFactorySupport.java:461) ~[spring-data-commons-1.13.8.RELEASE.jar:na]
	at org.springframework.aop.framework.ReflectiveMethodInvocation.proceed(ReflectiveMethodInvocation.java:179) ~[spring-aop-4.3.12.RELEASE.jar:4.3.12.RELEASE]
	at org.springframework.data.projection.DefaultMethodInvokingMethodInterceptor.invoke(DefaultMethodInvokingMethodInterceptor.java:56) ~[spring-data-commons-1.13.8.RELEASE.jar:na]
	at org.springframework.aop.framework.ReflectiveMethodInvocation.proceed(ReflectiveMethodInvocation.java:179) ~[spring-aop-4.3.12.RELEASE.jar:4.3.12.RELEASE]
	at org.springframework.transaction.interceptor.TransactionInterceptor$1.proceedWithInvocation(TransactionInterceptor.java:99) ~[spring-tx-4.3.12.RELEASE.jar:4.3.12.RELEASE]
	at org.springframework.transaction.interceptor.TransactionAspectSupport.invokeWithinTransaction(TransactionAspectSupport.java:282) ~[spring-tx-4.3.12.RELEASE.jar:4.3.12.RELEASE]
	at org.springframework.transaction.interceptor.TransactionInterceptor.invoke(TransactionInterceptor.java:96) ~[spring-tx-4.3.12.RELEASE.jar:4.3.12.RELEASE]
	at org.springframework.aop.framework.ReflectiveMethodInvocation.proceed(ReflectiveMethodInvocation.java:179) ~[spring-aop-4.3.12.RELEASE.jar:4.3.12.RELEASE]
	at org.springframework.dao.support.PersistenceExceptionTranslationInterceptor.invoke(PersistenceExceptionTranslationInterceptor.java:136) ~[spring-tx-4.3.12.RELEASE.jar:4.3.12.RELEASE]
	at org.springframework.aop.framework.ReflectiveMethodInvocation.proceed(ReflectiveMethodInvocation.java:179) ~[spring-aop-4.3.12.RELEASE.jar:4.3.12.RELEASE]
	at org.springframework.data.jpa.repository.support.CrudMethodMetadataPostProcessor$CrudMethodMetadataPopulatingMethodInterceptor.invoke(CrudMethodMetadataPostProcessor.java:133) ~[spring-data-jpa-1.11.8.RELEASE.jar:na]
	at org.springframework.aop.framework.ReflectiveMethodInvocation.proceed(ReflectiveMethodInvocation.java:179) ~[spring-aop-4.3.12.RELEASE.jar:4.3.12.RELEASE]
	at org.springframework.aop.interceptor.ExposeInvocationInterceptor.invoke(ExposeInvocationInterceptor.java:92) ~[spring-aop-4.3.12.RELEASE.jar:4.3.12.RELEASE]
	at org.springframework.aop.framework.ReflectiveMethodInvocation.proceed(ReflectiveMethodInvocation.java:179) ~[spring-aop-4.3.12.RELEASE.jar:4.3.12.RELEASE]
	at org.springframework.data.repository.core.support.SurroundingTransactionDetectorMethodInterceptor.invoke(SurroundingTransactionDetectorMethodInterceptor.java:57) ~[spring-data-commons-1.13.8.RELEASE.jar:na]
	at org.springframework.aop.framework.ReflectiveMethodInvocation.proceed(ReflectiveMethodInvocation.java:179) ~[spring-aop-4.3.12.RELEASE.jar:4.3.12.RELEASE]
	at org.springframework.aop.framework.JdkDynamicAopProxy.invoke(JdkDynamicAopProxy.java:213) ~[spring-aop-4.3.12.RELEASE.jar:4.3.12.RELEASE]
	at com.sun.proxy.$Proxy103.findAll(Unknown Source) ~[na:na]
	at com.example.usersapi.controllers.UsersController.findAllUsers(UsersController.java:22) ~[main/:na]
	at sun.reflect.NativeMethodAccessorImpl.invoke0(Native Method) ~[na:1.8.0_172]
	at sun.reflect.NativeMethodAccessorImpl.invoke(NativeMethodAccessorImpl.java:62) ~[na:1.8.0_172]
	at sun.reflect.DelegatingMethodAccessorImpl.invoke(DelegatingMethodAccessorImpl.java:43) ~[na:1.8.0_172]
	at java.lang.reflect.Method.invoke(Method.java:498) ~[na:1.8.0_172]
	at org.springframework.web.method.support.InvocableHandlerMethod.doInvoke(InvocableHandlerMethod.java:205) ~[spring-web-4.3.12.RELEASE.jar:4.3.12.RELEASE]
	at org.springframework.web.method.support.InvocableHandlerMethod.invokeForRequest(InvocableHandlerMethod.java:133) ~[spring-web-4.3.12.RELEASE.jar:4.3.12.RELEASE]
	at org.springframework.web.servlet.mvc.method.annotation.ServletInvocableHandlerMethod.invokeAndHandle(ServletInvocableHandlerMethod.java:97) ~[spring-webmvc-4.3.12.RELEASE.jar:4.3.12.RELEASE]
	at org.springframework.web.servlet.mvc.method.annotation.RequestMappingHandlerAdapter.invokeHandlerMethod(RequestMappingHandlerAdapter.java:827) ~[spring-webmvc-4.3.12.RELEASE.jar:4.3.12.RELEASE]
	at org.springframework.web.servlet.mvc.method.annotation.RequestMappingHandlerAdapter.handleInternal(RequestMappingHandlerAdapter.java:738) ~[spring-webmvc-4.3.12.RELEASE.jar:4.3.12.RELEASE]
	at org.springframework.web.servlet.mvc.method.AbstractHandlerMethodAdapter.handle(AbstractHandlerMethodAdapter.java:85) ~[spring-webmvc-4.3.12.RELEASE.jar:4.3.12.RELEASE]
	at org.springframework.web.servlet.DispatcherServlet.doDispatch(DispatcherServlet.java:967) ~[spring-webmvc-4.3.12.RELEASE.jar:4.3.12.RELEASE]
	at org.springframework.web.servlet.DispatcherServlet.doService(DispatcherServlet.java:901) ~[spring-webmvc-4.3.12.RELEASE.jar:4.3.12.RELEASE]
	at org.springframework.web.servlet.FrameworkServlet.processRequest(FrameworkServlet.java:970) ~[spring-webmvc-4.3.12.RELEASE.jar:4.3.12.RELEASE]
	at org.springframework.web.servlet.FrameworkServlet.doGet(FrameworkServlet.java:861) ~[spring-webmvc-4.3.12.RELEASE.jar:4.3.12.RELEASE]
	at javax.servlet.http.HttpServlet.service(HttpServlet.java:635) ~[tomcat-embed-core-8.5.23.jar:8.5.23]
	at org.springframework.web.servlet.FrameworkServlet.service(FrameworkServlet.java:846) ~[spring-webmvc-4.3.12.RELEASE.jar:4.3.12.RELEASE]
	at javax.servlet.http.HttpServlet.service(HttpServlet.java:742) ~[tomcat-embed-core-8.5.23.jar:8.5.23]
	at org.apache.catalina.core.ApplicationFilterChain.internalDoFilter(ApplicationFilterChain.java:231) ~[tomcat-embed-core-8.5.23.jar:8.5.23]
	at org.apache.catalina.core.ApplicationFilterChain.doFilter(ApplicationFilterChain.java:166) ~[tomcat-embed-core-8.5.23.jar:8.5.23]
	at org.apache.tomcat.websocket.server.WsFilter.doFilter(WsFilter.java:52) ~[tomcat-embed-websocket-8.5.23.jar:8.5.23]
	at org.apache.catalina.core.ApplicationFilterChain.internalDoFilter(ApplicationFilterChain.java:193) ~[tomcat-embed-core-8.5.23.jar:8.5.23]
	at org.apache.catalina.core.ApplicationFilterChain.doFilter(ApplicationFilterChain.java:166) ~[tomcat-embed-core-8.5.23.jar:8.5.23]
	at org.springframework.web.filter.RequestContextFilter.doFilterInternal(RequestContextFilter.java:99) ~[spring-web-4.3.12.RELEASE.jar:4.3.12.RELEASE]
	at org.springframework.web.filter.OncePerRequestFilter.doFilter(OncePerRequestFilter.java:107) ~[spring-web-4.3.12.RELEASE.jar:4.3.12.RELEASE]
	at org.apache.catalina.core.ApplicationFilterChain.internalDoFilter(ApplicationFilterChain.java:193) ~[tomcat-embed-core-8.5.23.jar:8.5.23]
	at org.apache.catalina.core.ApplicationFilterChain.doFilter(ApplicationFilterChain.java:166) ~[tomcat-embed-core-8.5.23.jar:8.5.23]
	at org.springframework.web.filter.HttpPutFormContentFilter.doFilterInternal(HttpPutFormContentFilter.java:108) ~[spring-web-4.3.12.RELEASE.jar:4.3.12.RELEASE]
	at org.springframework.web.filter.OncePerRequestFilter.doFilter(OncePerRequestFilter.java:107) ~[spring-web-4.3.12.RELEASE.jar:4.3.12.RELEASE]
	at org.apache.catalina.core.ApplicationFilterChain.internalDoFilter(ApplicationFilterChain.java:193) ~[tomcat-embed-core-8.5.23.jar:8.5.23]
	at org.apache.catalina.core.ApplicationFilterChain.doFilter(ApplicationFilterChain.java:166) ~[tomcat-embed-core-8.5.23.jar:8.5.23]
	at org.springframework.web.filter.HiddenHttpMethodFilter.doFilterInternal(HiddenHttpMethodFilter.java:81) ~[spring-web-4.3.12.RELEASE.jar:4.3.12.RELEASE]
	at org.springframework.web.filter.OncePerRequestFilter.doFilter(OncePerRequestFilter.java:107) ~[spring-web-4.3.12.RELEASE.jar:4.3.12.RELEASE]
	at org.apache.catalina.core.ApplicationFilterChain.internalDoFilter(ApplicationFilterChain.java:193) ~[tomcat-embed-core-8.5.23.jar:8.5.23]
	at org.apache.catalina.core.ApplicationFilterChain.doFilter(ApplicationFilterChain.java:166) ~[tomcat-embed-core-8.5.23.jar:8.5.23]
	at org.springframework.web.filter.CharacterEncodingFilter.doFilterInternal(CharacterEncodingFilter.java:197) ~[spring-web-4.3.12.RELEASE.jar:4.3.12.RELEASE]
	at org.springframework.web.filter.OncePerRequestFilter.doFilter(OncePerRequestFilter.java:107) ~[spring-web-4.3.12.RELEASE.jar:4.3.12.RELEASE]
	at org.apache.catalina.core.ApplicationFilterChain.internalDoFilter(ApplicationFilterChain.java:193) ~[tomcat-embed-core-8.5.23.jar:8.5.23]
	at org.apache.catalina.core.ApplicationFilterChain.doFilter(ApplicationFilterChain.java:166) ~[tomcat-embed-core-8.5.23.jar:8.5.23]
	at org.apache.catalina.core.StandardWrapperValve.invoke(StandardWrapperValve.java:199) ~[tomcat-embed-core-8.5.23.jar:8.5.23]
	at org.apache.catalina.core.StandardContextValve.invoke(StandardContextValve.java:96) [tomcat-embed-core-8.5.23.jar:8.5.23]
	at org.apache.catalina.authenticator.AuthenticatorBase.invoke(AuthenticatorBase.java:478) [tomcat-embed-core-8.5.23.jar:8.5.23]
	at org.apache.catalina.core.StandardHostValve.invoke(StandardHostValve.java:140) [tomcat-embed-core-8.5.23.jar:8.5.23]
	at org.apache.catalina.valves.ErrorReportValve.invoke(ErrorReportValve.java:81) [tomcat-embed-core-8.5.23.jar:8.5.23]
	at org.apache.catalina.core.StandardEngineValve.invoke(StandardEngineValve.java:87) [tomcat-embed-core-8.5.23.jar:8.5.23]
	at org.apache.catalina.connector.CoyoteAdapter.service(CoyoteAdapter.java:342) [tomcat-embed-core-8.5.23.jar:8.5.23]
	at org.apache.coyote.http11.Http11Processor.service(Http11Processor.java:803) [tomcat-embed-core-8.5.23.jar:8.5.23]
	at org.apache.coyote.AbstractProcessorLight.process(AbstractProcessorLight.java:66) [tomcat-embed-core-8.5.23.jar:8.5.23]
	at org.apache.coyote.AbstractProtocol$ConnectionHandler.process(AbstractProtocol.java:868) [tomcat-embed-core-8.5.23.jar:8.5.23]
	at org.apache.tomcat.util.net.NioEndpoint$SocketProcessor.doRun(NioEndpoint.java:1459) [tomcat-embed-core-8.5.23.jar:8.5.23]
	at org.apache.tomcat.util.net.SocketProcessorBase.run(SocketProcessorBase.java:49) [tomcat-embed-core-8.5.23.jar:8.5.23]
	at java.util.concurrent.ThreadPoolExecutor.runWorker(ThreadPoolExecutor.java:1149) [na:1.8.0_172]
	at java.util.concurrent.ThreadPoolExecutor$Worker.run(ThreadPoolExecutor.java:624) [na:1.8.0_172]
	at org.apache.tomcat.util.threads.TaskThread$WrappingRunnable.run(TaskThread.java:61) [tomcat-embed-core-8.5.23.jar:8.5.23]
	at java.lang.Thread.run(Thread.java:748) [na:1.8.0_172]

2018-05-11 21:31:07.306  INFO 65 --- [trap-executor-0] c.n.d.s.r.aws.ConfigClusterResolver      : Resolving eureka endpoints via configuration
2018-05-11 21:31:21.677  WARN 65 --- [io-8081-exec-10] o.h.engine.jdbc.spi.SqlExceptionHelper   : SQL Error: 0, SQLState: 42P01
2018-05-11 21:31:21.678 ERROR 65 --- [io-8081-exec-10] o.h.engine.jdbc.spi.SqlExceptionHelper   : ERROR: relation "users" does not exist
  Position: 136
2018-05-11 21:31:21.757 ERROR 65 --- [io-8081-exec-10] o.a.c.c.C.[.[.[/].[dispatcherServlet]    : Servlet.service() for servlet [dispatcherServlet] in context with path [] threw exception [Request processing failed; nested exception is org.springframework.dao.InvalidDataAccessResourceUsageException: could not extract ResultSet; SQL [n/a]; nested exception is org.hibernate.exception.SQLGrammarException: could not extract ResultSet] with root cause

org.postgresql.util.PSQLException: ERROR: relation "users" does not exist
  Position: 136
	at org.postgresql.core.v3.QueryExecutorImpl.receiveErrorResponse(QueryExecutorImpl.java:2455) ~[postgresql-9.4.1212.jre7.jar:9.4.1212.jre7]
	at org.postgresql.core.v3.QueryExecutorImpl.processResults(QueryExecutorImpl.java:2155) ~[postgresql-9.4.1212.jre7.jar:9.4.1212.jre7]
	at org.postgresql.core.v3.QueryExecutorImpl.execute(QueryExecutorImpl.java:288) ~[postgresql-9.4.1212.jre7.jar:9.4.1212.jre7]
	at org.postgresql.jdbc.PgStatement.executeInternal(PgStatement.java:430) ~[postgresql-9.4.1212.jre7.jar:9.4.1212.jre7]
	at org.postgresql.jdbc.PgStatement.execute(PgStatement.java:356) ~[postgresql-9.4.1212.jre7.jar:9.4.1212.jre7]
	at org.postgresql.jdbc.PgPreparedStatement.executeWithFlags(PgPreparedStatement.java:168) ~[postgresql-9.4.1212.jre7.jar:9.4.1212.jre7]
	at org.postgresql.jdbc.PgPreparedStatement.executeQuery(PgPreparedStatement.java:116) ~[postgresql-9.4.1212.jre7.jar:9.4.1212.jre7]
	at sun.reflect.NativeMethodAccessorImpl.invoke0(Native Method) ~[na:1.8.0_172]
	at sun.reflect.NativeMethodAccessorImpl.invoke(NativeMethodAccessorImpl.java:62) ~[na:1.8.0_172]
	at sun.reflect.DelegatingMethodAccessorImpl.invoke(DelegatingMethodAccessorImpl.java:43) ~[na:1.8.0_172]
	at java.lang.reflect.Method.invoke(Method.java:498) ~[na:1.8.0_172]
	at org.apache.tomcat.jdbc.pool.StatementFacade$StatementProxy.invoke(StatementFacade.java:114) ~[tomcat-jdbc-8.5.23.jar:na]
	at com.sun.proxy.$Proxy83.executeQuery(Unknown Source) ~[na:na]
	at org.hibernate.engine.jdbc.internal.ResultSetReturnImpl.extract(ResultSetReturnImpl.java:70) ~[hibernate-core-5.0.12.Final.jar:5.0.12.Final]
	at org.hibernate.loader.Loader.getResultSet(Loader.java:2117) ~[hibernate-core-5.0.12.Final.jar:5.0.12.Final]
	at org.hibernate.loader.Loader.executeQueryStatement(Loader.java:1900) ~[hibernate-core-5.0.12.Final.jar:5.0.12.Final]
	at org.hibernate.loader.Loader.executeQueryStatement(Loader.java:1876) ~[hibernate-core-5.0.12.Final.jar:5.0.12.Final]
	at org.hibernate.loader.Loader.doQuery(Loader.java:919) ~[hibernate-core-5.0.12.Final.jar:5.0.12.Final]
	at org.hibernate.loader.Loader.doQueryAndInitializeNonLazyCollections(Loader.java:336) ~[hibernate-core-5.0.12.Final.jar:5.0.12.Final]
	at org.hibernate.loader.Loader.doList(Loader.java:2617) ~[hibernate-core-5.0.12.Final.jar:5.0.12.Final]
	at org.hibernate.loader.Loader.doList(Loader.java:2600) ~[hibernate-core-5.0.12.Final.jar:5.0.12.Final]
	at org.hibernate.loader.Loader.listIgnoreQueryCache(Loader.java:2429) ~[hibernate-core-5.0.12.Final.jar:5.0.12.Final]
	at org.hibernate.loader.Loader.list(Loader.java:2424) ~[hibernate-core-5.0.12.Final.jar:5.0.12.Final]
	at org.hibernate.loader.hql.QueryLoader.list(QueryLoader.java:501) ~[hibernate-core-5.0.12.Final.jar:5.0.12.Final]
	at org.hibernate.hql.internal.ast.QueryTranslatorImpl.list(QueryTranslatorImpl.java:371) ~[hibernate-core-5.0.12.Final.jar:5.0.12.Final]
	at org.hibernate.engine.query.spi.HQLQueryPlan.performList(HQLQueryPlan.java:216) ~[hibernate-core-5.0.12.Final.jar:5.0.12.Final]
	at org.hibernate.internal.SessionImpl.list(SessionImpl.java:1326) ~[hibernate-core-5.0.12.Final.jar:5.0.12.Final]
	at org.hibernate.internal.QueryImpl.list(QueryImpl.java:87) ~[hibernate-core-5.0.12.Final.jar:5.0.12.Final]
	at org.hibernate.jpa.internal.QueryImpl.list(QueryImpl.java:606) ~[hibernate-entitymanager-5.0.12.Final.jar:5.0.12.Final]
	at org.hibernate.jpa.internal.QueryImpl.getResultList(QueryImpl.java:483) ~[hibernate-entitymanager-5.0.12.Final.jar:5.0.12.Final]
	at org.hibernate.jpa.criteria.compile.CriteriaQueryTypeQueryAdapter.getResultList(CriteriaQueryTypeQueryAdapter.java:50) ~[hibernate-entitymanager-5.0.12.Final.jar:5.0.12.Final]
	at org.springframework.data.jpa.repository.support.SimpleJpaRepository.findAll(SimpleJpaRepository.java:329) ~[spring-data-jpa-1.11.8.RELEASE.jar:na]
	at sun.reflect.NativeMethodAccessorImpl.invoke0(Native Method) ~[na:1.8.0_172]
	at sun.reflect.NativeMethodAccessorImpl.invoke(NativeMethodAccessorImpl.java:62) ~[na:1.8.0_172]
	at sun.reflect.DelegatingMethodAccessorImpl.invoke(DelegatingMethodAccessorImpl.java:43) ~[na:1.8.0_172]
	at java.lang.reflect.Method.invoke(Method.java:498) ~[na:1.8.0_172]
	at org.springframework.data.repository.core.support.RepositoryFactorySupport$QueryExecutorMethodInterceptor.executeMethodOn(RepositoryFactorySupport.java:504) ~[spring-data-commons-1.13.8.RELEASE.jar:na]
	at org.springframework.data.repository.core.support.RepositoryFactorySupport$QueryExecutorMethodInterceptor.doInvoke(RepositoryFactorySupport.java:489) ~[spring-data-commons-1.13.8.RELEASE.jar:na]
	at org.springframework.data.repository.core.support.RepositoryFactorySupport$QueryExecutorMethodInterceptor.invoke(RepositoryFactorySupport.java:461) ~[spring-data-commons-1.13.8.RELEASE.jar:na]
	at org.springframework.aop.framework.ReflectiveMethodInvocation.proceed(ReflectiveMethodInvocation.java:179) ~[spring-aop-4.3.12.RELEASE.jar:4.3.12.RELEASE]
	at org.springframework.data.projection.DefaultMethodInvokingMethodInterceptor.invoke(DefaultMethodInvokingMethodInterceptor.java:56) ~[spring-data-commons-1.13.8.RELEASE.jar:na]
	at org.springframework.aop.framework.ReflectiveMethodInvocation.proceed(ReflectiveMethodInvocation.java:179) ~[spring-aop-4.3.12.RELEASE.jar:4.3.12.RELEASE]
	at org.springframework.transaction.interceptor.TransactionInterceptor$1.proceedWithInvocation(TransactionInterceptor.java:99) ~[spring-tx-4.3.12.RELEASE.jar:4.3.12.RELEASE]
	at org.springframework.transaction.interceptor.TransactionAspectSupport.invokeWithinTransaction(TransactionAspectSupport.java:282) ~[spring-tx-4.3.12.RELEASE.jar:4.3.12.RELEASE]
	at org.springframework.transaction.interceptor.TransactionInterceptor.invoke(TransactionInterceptor.java:96) ~[spring-tx-4.3.12.RELEASE.jar:4.3.12.RELEASE]
	at org.springframework.aop.framework.ReflectiveMethodInvocation.proceed(ReflectiveMethodInvocation.java:179) ~[spring-aop-4.3.12.RELEASE.jar:4.3.12.RELEASE]
	at org.springframework.dao.support.PersistenceExceptionTranslationInterceptor.invoke(PersistenceExceptionTranslationInterceptor.java:136) ~[spring-tx-4.3.12.RELEASE.jar:4.3.12.RELEASE]
	at org.springframework.aop.framework.ReflectiveMethodInvocation.proceed(ReflectiveMethodInvocation.java:179) ~[spring-aop-4.3.12.RELEASE.jar:4.3.12.RELEASE]
	at org.springframework.data.jpa.repository.support.CrudMethodMetadataPostProcessor$CrudMethodMetadataPopulatingMethodInterceptor.invoke(CrudMethodMetadataPostProcessor.java:133) ~[spring-data-jpa-1.11.8.RELEASE.jar:na]
	at org.springframework.aop.framework.ReflectiveMethodInvocation.proceed(ReflectiveMethodInvocation.java:179) ~[spring-aop-4.3.12.RELEASE.jar:4.3.12.RELEASE]
	at org.springframework.aop.interceptor.ExposeInvocationInterceptor.invoke(ExposeInvocationInterceptor.java:92) ~[spring-aop-4.3.12.RELEASE.jar:4.3.12.RELEASE]
	at org.springframework.aop.framework.ReflectiveMethodInvocation.proceed(ReflectiveMethodInvocation.java:179) ~[spring-aop-4.3.12.RELEASE.jar:4.3.12.RELEASE]
	at org.springframework.data.repository.core.support.SurroundingTransactionDetectorMethodInterceptor.invoke(SurroundingTransactionDetectorMethodInterceptor.java:57) ~[spring-data-commons-1.13.8.RELEASE.jar:na]
	at org.springframework.aop.framework.ReflectiveMethodInvocation.proceed(ReflectiveMethodInvocation.java:179) ~[spring-aop-4.3.12.RELEASE.jar:4.3.12.RELEASE]
	at org.springframework.aop.framework.JdkDynamicAopProxy.invoke(JdkDynamicAopProxy.java:213) ~[spring-aop-4.3.12.RELEASE.jar:4.3.12.RELEASE]
	at com.sun.proxy.$Proxy103.findAll(Unknown Source) ~[na:na]
	at com.example.usersapi.controllers.UsersController.findAllUsers(UsersController.java:22) ~[main/:na]
	at sun.reflect.NativeMethodAccessorImpl.invoke0(Native Method) ~[na:1.8.0_172]
	at sun.reflect.NativeMethodAccessorImpl.invoke(NativeMethodAccessorImpl.java:62) ~[na:1.8.0_172]
	at sun.reflect.DelegatingMethodAccessorImpl.invoke(DelegatingMethodAccessorImpl.java:43) ~[na:1.8.0_172]
	at java.lang.reflect.Method.invoke(Method.java:498) ~[na:1.8.0_172]
	at org.springframework.web.method.support.InvocableHandlerMethod.doInvoke(InvocableHandlerMethod.java:205) ~[spring-web-4.3.12.RELEASE.jar:4.3.12.RELEASE]
	at org.springframework.web.method.support.InvocableHandlerMethod.invokeForRequest(InvocableHandlerMethod.java:133) ~[spring-web-4.3.12.RELEASE.jar:4.3.12.RELEASE]
	at org.springframework.web.servlet.mvc.method.annotation.ServletInvocableHandlerMethod.invokeAndHandle(ServletInvocableHandlerMethod.java:97) ~[spring-webmvc-4.3.12.RELEASE.jar:4.3.12.RELEASE]
	at org.springframework.web.servlet.mvc.method.annotation.RequestMappingHandlerAdapter.invokeHandlerMethod(RequestMappingHandlerAdapter.java:827) ~[spring-webmvc-4.3.12.RELEASE.jar:4.3.12.RELEASE]
	at org.springframework.web.servlet.mvc.method.annotation.RequestMappingHandlerAdapter.handleInternal(RequestMappingHandlerAdapter.java:738) ~[spring-webmvc-4.3.12.RELEASE.jar:4.3.12.RELEASE]
	at org.springframework.web.servlet.mvc.method.AbstractHandlerMethodAdapter.handle(AbstractHandlerMethodAdapter.java:85) ~[spring-webmvc-4.3.12.RELEASE.jar:4.3.12.RELEASE]
	at org.springframework.web.servlet.DispatcherServlet.doDispatch(DispatcherServlet.java:967) ~[spring-webmvc-4.3.12.RELEASE.jar:4.3.12.RELEASE]
	at org.springframework.web.servlet.DispatcherServlet.doService(DispatcherServlet.java:901) ~[spring-webmvc-4.3.12.RELEASE.jar:4.3.12.RELEASE]
	at org.springframework.web.servlet.FrameworkServlet.processRequest(FrameworkServlet.java:970) ~[spring-webmvc-4.3.12.RELEASE.jar:4.3.12.RELEASE]
	at org.springframework.web.servlet.FrameworkServlet.doGet(FrameworkServlet.java:861) ~[spring-webmvc-4.3.12.RELEASE.jar:4.3.12.RELEASE]
	at javax.servlet.http.HttpServlet.service(HttpServlet.java:635) ~[tomcat-embed-core-8.5.23.jar:8.5.23]
	at org.springframework.web.servlet.FrameworkServlet.service(FrameworkServlet.java:846) ~[spring-webmvc-4.3.12.RELEASE.jar:4.3.12.RELEASE]
	at javax.servlet.http.HttpServlet.service(HttpServlet.java:742) ~[tomcat-embed-core-8.5.23.jar:8.5.23]
	at org.apache.catalina.core.ApplicationFilterChain.internalDoFilter(ApplicationFilterChain.java:231) ~[tomcat-embed-core-8.5.23.jar:8.5.23]
	at org.apache.catalina.core.ApplicationFilterChain.doFilter(ApplicationFilterChain.java:166) ~[tomcat-embed-core-8.5.23.jar:8.5.23]
	at org.apache.tomcat.websocket.server.WsFilter.doFilter(WsFilter.java:52) ~[tomcat-embed-websocket-8.5.23.jar:8.5.23]
	at org.apache.catalina.core.ApplicationFilterChain.internalDoFilter(ApplicationFilterChain.java:193) ~[tomcat-embed-core-8.5.23.jar:8.5.23]
	at org.apache.catalina.core.ApplicationFilterChain.doFilter(ApplicationFilterChain.java:166) ~[tomcat-embed-core-8.5.23.jar:8.5.23]
	at org.springframework.web.filter.RequestContextFilter.doFilterInternal(RequestContextFilter.java:99) ~[spring-web-4.3.12.RELEASE.jar:4.3.12.RELEASE]
	at org.springframework.web.filter.OncePerRequestFilter.doFilter(OncePerRequestFilter.java:107) ~[spring-web-4.3.12.RELEASE.jar:4.3.12.RELEASE]
	at org.apache.catalina.core.ApplicationFilterChain.internalDoFilter(ApplicationFilterChain.java:193) ~[tomcat-embed-core-8.5.23.jar:8.5.23]
	at org.apache.catalina.core.ApplicationFilterChain.doFilter(ApplicationFilterChain.java:166) ~[tomcat-embed-core-8.5.23.jar:8.5.23]
	at org.springframework.web.filter.HttpPutFormContentFilter.doFilterInternal(HttpPutFormContentFilter.java:108) ~[spring-web-4.3.12.RELEASE.jar:4.3.12.RELEASE]
	at org.springframework.web.filter.OncePerRequestFilter.doFilter(OncePerRequestFilter.java:107) ~[spring-web-4.3.12.RELEASE.jar:4.3.12.RELEASE]
	at org.apache.catalina.core.ApplicationFilterChain.internalDoFilter(ApplicationFilterChain.java:193) ~[tomcat-embed-core-8.5.23.jar:8.5.23]
	at org.apache.catalina.core.ApplicationFilterChain.doFilter(ApplicationFilterChain.java:166) ~[tomcat-embed-core-8.5.23.jar:8.5.23]
	at org.springframework.web.filter.HiddenHttpMethodFilter.doFilterInternal(HiddenHttpMethodFilter.java:81) ~[spring-web-4.3.12.RELEASE.jar:4.3.12.RELEASE]
	at org.springframework.web.filter.OncePerRequestFilter.doFilter(OncePerRequestFilter.java:107) ~[spring-web-4.3.12.RELEASE.jar:4.3.12.RELEASE]
	at org.apache.catalina.core.ApplicationFilterChain.internalDoFilter(ApplicationFilterChain.java:193) ~[tomcat-embed-core-8.5.23.jar:8.5.23]
	at org.apache.catalina.core.ApplicationFilterChain.doFilter(ApplicationFilterChain.java:166) ~[tomcat-embed-core-8.5.23.jar:8.5.23]
	at org.springframework.web.filter.CharacterEncodingFilter.doFilterInternal(CharacterEncodingFilter.java:197) ~[spring-web-4.3.12.RELEASE.jar:4.3.12.RELEASE]
	at org.springframework.web.filter.OncePerRequestFilter.doFilter(OncePerRequestFilter.java:107) ~[spring-web-4.3.12.RELEASE.jar:4.3.12.RELEASE]
	at org.apache.catalina.core.ApplicationFilterChain.internalDoFilter(ApplicationFilterChain.java:193) ~[tomcat-embed-core-8.5.23.jar:8.5.23]
	at org.apache.catalina.core.ApplicationFilterChain.doFilter(ApplicationFilterChain.java:166) ~[tomcat-embed-core-8.5.23.jar:8.5.23]
	at org.apache.catalina.core.StandardWrapperValve.invoke(StandardWrapperValve.java:199) ~[tomcat-embed-core-8.5.23.jar:8.5.23]
	at org.apache.catalina.core.StandardContextValve.invoke(StandardContextValve.java:96) [tomcat-embed-core-8.5.23.jar:8.5.23]
	at org.apache.catalina.authenticator.AuthenticatorBase.invoke(AuthenticatorBase.java:478) [tomcat-embed-core-8.5.23.jar:8.5.23]
	at org.apache.catalina.core.StandardHostValve.invoke(StandardHostValve.java:140) [tomcat-embed-core-8.5.23.jar:8.5.23]
	at org.apache.catalina.valves.ErrorReportValve.invoke(ErrorReportValve.java:81) [tomcat-embed-core-8.5.23.jar:8.5.23]
	at org.apache.catalina.core.StandardEngineValve.invoke(StandardEngineValve.java:87) [tomcat-embed-core-8.5.23.jar:8.5.23]
	at org.apache.catalina.connector.CoyoteAdapter.service(CoyoteAdapter.java:342) [tomcat-embed-core-8.5.23.jar:8.5.23]
	at org.apache.coyote.http11.Http11Processor.service(Http11Processor.java:803) [tomcat-embed-core-8.5.23.jar:8.5.23]
	at org.apache.coyote.AbstractProcessorLight.process(AbstractProcessorLight.java:66) [tomcat-embed-core-8.5.23.jar:8.5.23]
	at org.apache.coyote.AbstractProtocol$ConnectionHandler.process(AbstractProtocol.java:868) [tomcat-embed-core-8.5.23.jar:8.5.23]
	at org.apache.tomcat.util.net.NioEndpoint$SocketProcessor.doRun(NioEndpoint.java:1459) [tomcat-embed-core-8.5.23.jar:8.5.23]
	at org.apache.tomcat.util.net.SocketProcessorBase.run(SocketProcessorBase.java:49) [tomcat-embed-core-8.5.23.jar:8.5.23]
	at java.util.concurrent.ThreadPoolExecutor.runWorker(ThreadPoolExecutor.java:1149) [na:1.8.0_172]
	at java.util.concurrent.ThreadPoolExecutor$Worker.run(ThreadPoolExecutor.java:624) [na:1.8.0_172]
	at org.apache.tomcat.util.threads.TaskThread$WrappingRunnable.run(TaskThread.java:61) [tomcat-embed-core-8.5.23.jar:8.5.23]
	at java.lang.Thread.run(Thread.java:748) [na:1.8.0_172]

2018-05-11 21:36:07.311  INFO 65 --- [trap-executor-0] c.n.d.s.r.aws.ConfigClusterResolver      : Resolving eureka endpoints via configuration
2018-05-11 21:41:07.319  INFO 65 --- [trap-executor-0] c.n.d.s.r.aws.ConfigClusterResolver      : Resolving eureka endpoints via configuration
2018-05-11 21:46:07.345  INFO 65 --- [trap-executor-0] c.n.d.s.r.aws.ConfigClusterResolver      : Resolving eureka endpoints via configuration
